<?xml version="1.0" encoding="UTF-8"?>
<coverage generated="1656063992683" clover="3.2.0">
  <project timestamp="1656063992683" name="All files">
    <metrics statements="9" coveredstatements="9" conditionals="11" coveredconditionals="11" methods="1" coveredmethods="1" elements="21" coveredelements="21" complexity="0" loc="9" ncloc="9" packages="1" files="1" classes="1"/>
    <file name="isNumber.ts" path="E:\demo\varian-validator\src\lib\isNumber.ts">
      <metrics statements="9" coveredstatements="9" conditionals="11" coveredconditionals="11" methods="1" coveredmethods="1"/>
      <line num="7" count="1" type="cond" truecount="1" falsecount="0"/>
      <line num="11" count="14" type="cond" truecount="2" falsecount="0"/>
      <line num="12" count="5" type="stmt"/>
      <line num="14" count="14" type="cond" truecount="2" falsecount="0"/>
      <line num="20" count="8" type="stmt"/>
      <line num="22" count="6" type="stmt"/>
      <line num="23" count="6" type="cond" truecount="2" falsecount="0"/>
      <line num="24" count="2" type="stmt"/>
      <line num="26" count="4" type="stmt"/>
    </file>
  </project>
</coverage>
