{"E:\\demo\\varian-validator\\src\\utils\\filterStringSpace.ts": {"path":"E:\\demo\\varian-validator\\src\\utils\\filterStringSpace.ts","statementMap":{"0":{"start":{"line":10,"column":26},"end":{"line":24,"column":null}},"1":{"start":{"line":14,"column":2},"end":{"line":17,"column":null}},"2":{"start":{"line":16,"column":4},"end":{"line":16,"column":11}},"3":{"start":{"line":18,"column":14},"end":{"line":18,"column":null}},"4":{"start":{"line":20,"column":2},"end":{"line":22,"column":null}},"5":{"start":{"line":21,"column":4},"end":{"line":21,"column":11}},"6":{"start":{"line":23,"column":2},"end":{"line":23,"column":9}}},"fnMap":{"0":{"name":"(anonymous_5)","decl":{"start":{"line":10,"column":26},"end":{"line":10,"column":27}},"loc":{"start":{"line":13,"column":6},"end":{"line":24,"column":null}}}},"branchMap":{"0":{"loc":{"start":{"line":14,"column":2},"end":{"line":17,"column":null}},"type":"if","locations":[{"start":{"line":14,"column":2},"end":{"line":17,"column":null}}]},"1":{"loc":{"start":{"line":20,"column":2},"end":{"line":22,"column":null}},"type":"if","locations":[{"start":{"line":20,"column":2},"end":{"line":22,"column":null}}]}},"s":{"0":1,"1":11,"2":0,"3":11,"4":11,"5":11,"6":0},"f":{"0":11},"b":{"0":[0],"1":[11]}}
,"E:\\demo\\varian-validator\\src\\utils\\isNumber.ts": {"path":"E:\\demo\\varian-validator\\src\\utils\\isNumber.ts","statementMap":{"0":{"start":{"line":7,"column":24},"end":{"line":29,"column":null}},"1":{"start":{"line":11,"column":2},"end":{"line":13,"column":null}},"2":{"start":{"line":12,"column":4},"end":{"line":12,"column":10}},"3":{"start":{"line":14,"column":2},"end":{"line":28,"column":null}},"4":{"start":{"line":20,"column":4},"end":{"line":20,"column":11}},"5":{"start":{"line":22,"column":4},"end":{"line":22,"column":10}},"6":{"start":{"line":23,"column":4},"end":{"line":27,"column":null}},"7":{"start":{"line":24,"column":6},"end":{"line":24,"column":13}},"8":{"start":{"line":26,"column":6},"end":{"line":26,"column":13}}},"fnMap":{"0":{"name":"(anonymous_8)","decl":{"start":{"line":7,"column":24},"end":{"line":7,"column":25}},"loc":{"start":{"line":7,"column":64},"end":{"line":29,"column":null}}}},"branchMap":{"0":{"loc":{"start":{"line":7,"column":38},"end":{"line":7,"column":64}},"type":"default-arg","locations":[{"start":{"line":7,"column":54},"end":{"line":7,"column":64}}]},"1":{"loc":{"start":{"line":11,"column":2},"end":{"line":13,"column":null}},"type":"if","locations":[{"start":{"line":11,"column":2},"end":{"line":13,"column":null}}]},"2":{"loc":{"start":{"line":14,"column":2},"end":{"line":28,"column":null}},"type":"if","locations":[{"start":{"line":14,"column":2},"end":{"line":28,"column":null}},{"start":{"line":21,"column":9},"end":{"line":28,"column":null}}]},"3":{"loc":{"start":{"line":15,"column":4},"end":{"line":18,"column":null}},"type":"binary-expr","locations":[{"start":{"line":15,"column":4},"end":{"line":15,"column":10}},{"start":{"line":16,"column":4},"end":{"line":16,"column":null}},{"start":{"line":17,"column":4},"end":{"line":17,"column":null}},{"start":{"line":18,"column":4},"end":{"line":18,"column":null}}]},"4":{"loc":{"start":{"line":23,"column":4},"end":{"line":27,"column":null}},"type":"if","locations":[{"start":{"line":23,"column":4},"end":{"line":27,"column":null}},{"start":{"line":25,"column":11},"end":{"line":27,"column":null}}]}},"s":{"0":1,"1":0,"2":0,"3":0,"4":0,"5":0,"6":0,"7":0,"8":0},"f":{"0":0},"b":{"0":[0],"1":[0],"2":[0,0],"3":[0,0,0,0],"4":[0,0]}}
,"E:\\demo\\varian-validator\\src\\utils\\isValidParamsTypes.ts": {"path":"E:\\demo\\varian-validator\\src\\utils\\isValidParamsTypes.ts","statementMap":{"0":{"start":{"line":10,"column":27},"end":{"line":16,"column":null}},"1":{"start":{"line":11,"column":46},"end":{"line":11,"column":47}},"2":{"start":{"line":12,"column":2},"end":{"line":14,"column":null}},"3":{"start":{"line":13,"column":4},"end":{"line":13,"column":9}},"4":{"start":{"line":15,"column":2},"end":{"line":15,"column":10}}},"fnMap":{"0":{"name":"(anonymous_26)","decl":{"start":{"line":10,"column":27},"end":{"line":10,"column":28}},"loc":{"start":{"line":10,"column":74},"end":{"line":16,"column":null}}}},"branchMap":{"0":{"loc":{"start":{"line":12,"column":2},"end":{"line":14,"column":null}},"type":"if","locations":[{"start":{"line":12,"column":2},"end":{"line":14,"column":null}}]},"1":{"loc":{"start":{"line":15,"column":10},"end":{"line":15,"column":24}},"type":"binary-expr","locations":[{"start":{"line":15,"column":10},"end":{"line":15,"column":15}},{"start":{"line":15,"column":19},"end":{"line":15,"column":24}}]}},"s":{"0":1,"1":0,"2":0,"3":0,"4":0},"f":{"0":0},"b":{"0":[0],"1":[0,0]}}
,"E:\\demo\\varian-validator\\src\\utils\\setErrorCodeLang.ts": {"path":"E:\\demo\\varian-validator\\src\\utils\\setErrorCodeLang.ts","statementMap":{"0":{"start":{"line":4,"column":18},"end":{"line":4,"column":null}},"1":{"start":{"line":12,"column":25},"end":{"line":17,"column":null}},"2":{"start":{"line":13,"column":2},"end":{"line":15,"column":null}},"3":{"start":{"line":14,"column":4},"end":{"line":14,"column":11}},"4":{"start":{"line":16,"column":2},"end":{"line":16,"column":9}}},"fnMap":{"0":{"name":"(anonymous_3)","decl":{"start":{"line":4,"column":18},"end":{"line":4,"column":null}},"loc":{"start":{"line":4,"column":18},"end":{"line":4,"column":null}}},"1":{"name":"(anonymous_4)","decl":{"start":{"line":12,"column":25},"end":{"line":12,"column":26}},"loc":{"start":{"line":12,"column":62},"end":{"line":17,"column":null}}}},"branchMap":{"0":{"loc":{"start":{"line":4,"column":18},"end":{"line":4,"column":null}},"type":"binary-expr","locations":[{"start":{"line":4,"column":18},"end":{"line":4,"column":null}},{"start":{"line":4,"column":18},"end":{"line":4,"column":null}}]},"1":{"loc":{"start":{"line":12,"column":26},"end":{"line":12,"column":62}},"type":"default-arg","locations":[{"start":{"line":12,"column":38},"end":{"line":12,"column":62}}]},"2":{"loc":{"start":{"line":13,"column":2},"end":{"line":15,"column":null}},"type":"if","locations":[{"start":{"line":13,"column":2},"end":{"line":15,"column":null}}]}},"s":{"0":3,"1":1,"2":12,"3":0,"4":12},"f":{"0":1,"1":12},"b":{"0":[1,1],"1":[12],"2":[0]}}
,"E:\\demo\\varian-validator\\src\\utils\\utilStringToArray.ts": {"path":"E:\\demo\\varian-validator\\src\\utils\\utilStringToArray.ts","statementMap":{"0":{"start":{"line":5,"column":26},"end":{"line":11,"column":null}},"1":{"start":{"line":6,"column":2},"end":{"line":9,"column":null}},"2":{"start":{"line":7,"column":4},"end":{"line":7,"column":7}},"3":{"start":{"line":8,"column":4},"end":{"line":8,"column":11}},"4":{"start":{"line":10,"column":2},"end":{"line":10,"column":9}}},"fnMap":{"0":{"name":"(anonymous_14)","decl":{"start":{"line":5,"column":26},"end":{"line":5,"column":27}},"loc":{"start":{"line":5,"column":60},"end":{"line":11,"column":null}}}},"branchMap":{"0":{"loc":{"start":{"line":6,"column":2},"end":{"line":9,"column":null}},"type":"if","locations":[{"start":{"line":6,"column":2},"end":{"line":9,"column":null}}]},"1":{"loc":{"start":{"line":8,"column":21},"end":{"line":8,"column":null}},"type":"binary-expr","locations":[{"start":{"line":8,"column":21},"end":{"line":8,"column":30}},{"start":{"line":8,"column":34},"end":{"line":8,"column":null}}]}},"s":{"0":1,"1":0,"2":0,"3":0,"4":0},"f":{"0":0},"b":{"0":[0],"1":[0,0]}}
,"E:\\demo\\varian-validator\\src\\utils\\utilToString.ts": {"path":"E:\\demo\\varian-validator\\src\\utils\\utilToString.ts","statementMap":{"0":{"start":{"line":4,"column":22},"end":{"line":15,"column":null}},"1":{"start":{"line":5,"column":2},"end":{"line":13,"column":null}},"2":{"start":{"line":6,"column":4},"end":{"line":10,"column":null}},"3":{"start":{"line":7,"column":6},"end":{"line":7,"column":11}},"4":{"start":{"line":9,"column":6},"end":{"line":9,"column":11}},"5":{"start":{"line":11,"column":9},"end":{"line":13,"column":null}},"6":{"start":{"line":12,"column":4},"end":{"line":12,"column":9}},"7":{"start":{"line":14,"column":2},"end":{"line":14,"column":9}}},"fnMap":{"0":{"name":"(anonymous_63)","decl":{"start":{"line":4,"column":22},"end":{"line":4,"column":37}},"loc":{"start":{"line":4,"column":37},"end":{"line":15,"column":null}}}},"branchMap":{"0":{"loc":{"start":{"line":5,"column":2},"end":{"line":13,"column":null}},"type":"if","locations":[{"start":{"line":5,"column":2},"end":{"line":13,"column":null}},{"start":{"line":11,"column":9},"end":{"line":13,"column":null}}]},"1":{"loc":{"start":{"line":5,"column":5},"end":{"line":5,"column":50}},"type":"binary-expr","locations":[{"start":{"line":5,"column":5},"end":{"line":5,"column":34}},{"start":{"line":5,"column":34},"end":{"line":5,"column":50}}]},"2":{"loc":{"start":{"line":6,"column":4},"end":{"line":10,"column":null}},"type":"if","locations":[{"start":{"line":6,"column":4},"end":{"line":10,"column":null}},{"start":{"line":8,"column":11},"end":{"line":10,"column":null}}]},"3":{"loc":{"start":{"line":11,"column":9},"end":{"line":13,"column":null}},"type":"if","locations":[{"start":{"line":11,"column":9},"end":{"line":13,"column":null}}]},"4":{"loc":{"start":{"line":11,"column":12},"end":{"line":11,"column":95}},"type":"binary-expr","locations":[{"start":{"line":11,"column":12},"end":{"line":11,"column":30}},{"start":{"line":11,"column":30},"end":{"line":11,"column":63}},{"start":{"line":11,"column":63},"end":{"line":11,"column":69}},{"start":{"line":11,"column":79},"end":{"line":11,"column":95}}]}},"s":{"0":1,"1":0,"2":0,"3":0,"4":0,"5":0,"6":0,"7":0},"f":{"0":0},"b":{"0":[0,0],"1":[0,0],"2":[0,0],"3":[0],"4":[0,0,0,0]}}
,"E:\\demo\\varian-validator\\src\\utils\\utilTypeOf.ts": {"path":"E:\\demo\\varian-validator\\src\\utils\\utilTypeOf.ts","statementMap":{"0":{"start":{"line":17,"column":20},"end":{"line":22,"column":null}},"1":{"start":{"line":18,"column":20},"end":{"line":18,"column":26}},"2":{"start":{"line":19,"column":22},"end":{"line":19,"column":null}},"3":{"start":{"line":21,"column":2},"end":{"line":21,"column":9}}},"fnMap":{"0":{"name":"(anonymous_25)","decl":{"start":{"line":17,"column":20},"end":{"line":17,"column":51}},"loc":{"start":{"line":17,"column":51},"end":{"line":22,"column":null}}}},"branchMap":{},"s":{"0":1,"1":0,"2":0,"3":0},"f":{"0":0},"b":{}}
,"E:\\demo\\varian-validator\\src\\validator\\IsBankCard.ts": {"path":"E:\\demo\\varian-validator\\src\\validator\\IsBankCard.ts","statementMap":{"0":{"start":{"line":9,"column":20},"end":{"line":16,"column":null}},"1":{"start":{"line":11,"column":14},"end":{"line":11,"column":null}},"2":{"start":{"line":12,"column":2},"end":{"line":14,"column":null}},"3":{"start":{"line":13,"column":4},"end":{"line":13,"column":11}},"4":{"start":{"line":15,"column":2},"end":{"line":15,"column":9}}},"fnMap":{"0":{"name":"(anonymous_27)","decl":{"start":{"line":9,"column":20},"end":{"line":9,"column":33}},"loc":{"start":{"line":9,"column":33},"end":{"line":16,"column":null}}}},"branchMap":{"0":{"loc":{"start":{"line":12,"column":2},"end":{"line":14,"column":null}},"type":"if","locations":[{"start":{"line":12,"column":2},"end":{"line":14,"column":null}}]}},"s":{"0":1,"1":0,"2":0,"3":0,"4":0},"f":{"0":0},"b":{"0":[0]}}
,"E:\\demo\\varian-validator\\src\\validator\\isBooleanTrue.ts": {"path":"E:\\demo\\varian-validator\\src\\validator\\isBooleanTrue.ts","statementMap":{"0":{"start":{"line":9,"column":22},"end":{"line":23,"column":null}},"1":{"start":{"line":10,"column":19},"end":{"line":10,"column":null}},"2":{"start":{"line":11,"column":2},"end":{"line":13,"column":null}},"3":{"start":{"line":12,"column":4},"end":{"line":12,"column":11}},"4":{"start":{"line":15,"column":2},"end":{"line":17,"column":null}},"5":{"start":{"line":16,"column":4},"end":{"line":16,"column":11}},"6":{"start":{"line":19,"column":2},"end":{"line":22,"column":null}},"7":{"start":{"line":20,"column":4},"end":{"line":20,"column":7}},"8":{"start":{"line":21,"column":4},"end":{"line":21,"column":11}}},"fnMap":{"0":{"name":"(anonymous_28)","decl":{"start":{"line":9,"column":22},"end":{"line":9,"column":23}},"loc":{"start":{"line":9,"column":90},"end":{"line":23,"column":null}}}},"branchMap":{"0":{"loc":{"start":{"line":9,"column":50},"end":{"line":9,"column":66}},"type":"default-arg","locations":[{"start":{"line":9,"column":65},"end":{"line":9,"column":66}}]},"1":{"loc":{"start":{"line":11,"column":2},"end":{"line":13,"column":null}},"type":"if","locations":[{"start":{"line":11,"column":2},"end":{"line":13,"column":null}}]},"2":{"loc":{"start":{"line":15,"column":2},"end":{"line":17,"column":null}},"type":"if","locations":[{"start":{"line":15,"column":2},"end":{"line":17,"column":null}}]},"3":{"loc":{"start":{"line":19,"column":2},"end":{"line":22,"column":null}},"type":"if","locations":[{"start":{"line":19,"column":2},"end":{"line":22,"column":null}}]}},"s":{"0":1,"1":0,"2":0,"3":0,"4":0,"5":0,"6":0,"7":0,"8":0},"f":{"0":0},"b":{"0":[0],"1":[0],"2":[0],"3":[0]}}
,"E:\\demo\\varian-validator\\src\\validator\\isByteLength.ts": {"path":"E:\\demo\\varian-validator\\src\\validator\\isByteLength.ts","statementMap":{"0":{"start":{"line":12,"column":2},"end":{"line":14,"column":null}},"1":{"start":{"line":13,"column":4},"end":{"line":13,"column":11}},"2":{"start":{"line":15,"column":2},"end":{"line":15,"column":5}},"3":{"start":{"line":18,"column":2},"end":{"line":25,"column":null}},"4":{"start":{"line":19,"column":4},"end":{"line":19,"column":7}},"5":{"start":{"line":20,"column":4},"end":{"line":20,"column":7}},"6":{"start":{"line":23,"column":4},"end":{"line":23,"column":7}},"7":{"start":{"line":24,"column":4},"end":{"line":24,"column":7}},"8":{"start":{"line":26,"column":14},"end":{"line":26,"column":null}},"9":{"start":{"line":27,"column":2},"end":{"line":27,"column":9}}},"fnMap":{"0":{"name":"isByteLength","decl":{"start":{"line":11,"column":24},"end":{"line":11,"column":37}},"loc":{"start":{"line":11,"column":77},"end":{"line":28,"column":null}}}},"branchMap":{"0":{"loc":{"start":{"line":12,"column":2},"end":{"line":14,"column":null}},"type":"if","locations":[{"start":{"line":12,"column":2},"end":{"line":14,"column":null}}]},"1":{"loc":{"start":{"line":18,"column":2},"end":{"line":25,"column":null}},"type":"if","locations":[{"start":{"line":18,"column":2},"end":{"line":25,"column":null}},{"start":{"line":21,"column":9},"end":{"line":25,"column":null}}]},"2":{"loc":{"start":{"line":19,"column":10},"end":{"line":19,"column":null}},"type":"binary-expr","locations":[{"start":{"line":19,"column":10},"end":{"line":19,"column":25}},{"start":{"line":19,"column":25},"end":{"line":19,"column":null}}]},"3":{"loc":{"start":{"line":27,"column":9},"end":{"line":27,"column":12}},"type":"binary-expr","locations":[{"start":{"line":27,"column":9},"end":{"line":27,"column":24}},{"start":{"line":27,"column":24},"end":{"line":27,"column":54}},{"start":{"line":27,"column":54},"end":{"line":27,"column":null}}]}},"s":{"0":0,"1":0,"2":0,"3":0,"4":0,"5":0,"6":0,"7":0,"8":0,"9":0},"f":{"0":0},"b":{"0":[0],"1":[0,0],"2":[0,0],"3":[0,0,0]}}
,"E:\\demo\\varian-validator\\src\\validator\\isCellPhone.ts": {"path":"E:\\demo\\varian-validator\\src\\validator\\isCellPhone.ts","statementMap":{"0":{"start":{"line":6,"column":20},"end":{"line":13,"column":null}},"1":{"start":{"line":7,"column":2},"end":{"line":12,"column":null}},"2":{"start":{"line":8,"column":16},"end":{"line":8,"column":null}},"3":{"start":{"line":9,"column":4},"end":{"line":9,"column":11}},"4":{"start":{"line":11,"column":4},"end":{"line":11,"column":11}}},"fnMap":{"0":{"name":"(anonymous_30)","decl":{"start":{"line":6,"column":20},"end":{"line":6,"column":30}},"loc":{"start":{"line":6,"column":40},"end":{"line":13,"column":null}}}},"branchMap":{},"s":{"0":1,"1":0,"2":0,"3":0,"4":0},"f":{"0":0},"b":{}}
,"E:\\demo\\varian-validator\\src\\validator\\isCreditCard.ts": {"path":"E:\\demo\\varian-validator\\src\\validator\\isCreditCard.ts","statementMap":{"0":{"start":{"line":2,"column":19},"end":{"line":2,"column":null}},"1":{"start":{"line":10,"column":2},"end":{"line":12,"column":null}},"2":{"start":{"line":11,"column":4},"end":{"line":11,"column":11}},"3":{"start":{"line":13,"column":2},"end":{"line":13,"column":5}},"4":{"start":{"line":14,"column":20},"end":{"line":14,"column":23}},"5":{"start":{"line":15,"column":2},"end":{"line":17,"column":null}},"6":{"start":{"line":16,"column":4},"end":{"line":16,"column":11}},"7":{"start":{"line":18,"column":12},"end":{"line":18,"column":null}},"8":{"start":{"line":22,"column":2},"end":{"line":36,"column":null}},"9":{"start":{"line":22,"column":15},"end":{"line":22,"column":37}},"10":{"start":{"line":23,"column":4},"end":{"line":23,"column":9}},"11":{"start":{"line":24,"column":4},"end":{"line":24,"column":10}},"12":{"start":{"line":25,"column":4},"end":{"line":34,"column":null}},"13":{"start":{"line":26,"column":6},"end":{"line":26,"column":12}},"14":{"start":{"line":27,"column":6},"end":{"line":31,"column":null}},"15":{"start":{"line":28,"column":8},"end":{"line":28,"column":11}},"16":{"start":{"line":30,"column":8},"end":{"line":30,"column":11}},"17":{"start":{"line":33,"column":6},"end":{"line":33,"column":9}},"18":{"start":{"line":35,"column":4},"end":{"line":35,"column":16}},"19":{"start":{"line":37,"column":2},"end":{"line":37,"column":9}}},"fnMap":{"0":{"name":"isCreditCard","decl":{"start":{"line":9,"column":24},"end":{"line":9,"column":37}},"loc":{"start":{"line":9,"column":47},"end":{"line":38,"column":null}}}},"branchMap":{"0":{"loc":{"start":{"line":10,"column":2},"end":{"line":12,"column":null}},"type":"if","locations":[{"start":{"line":10,"column":2},"end":{"line":12,"column":null}}]},"1":{"loc":{"start":{"line":15,"column":2},"end":{"line":17,"column":null}},"type":"if","locations":[{"start":{"line":15,"column":2},"end":{"line":17,"column":null}}]},"2":{"loc":{"start":{"line":25,"column":4},"end":{"line":34,"column":null}},"type":"if","locations":[{"start":{"line":25,"column":4},"end":{"line":34,"column":null}},{"start":{"line":32,"column":11},"end":{"line":34,"column":null}}]},"3":{"loc":{"start":{"line":27,"column":6},"end":{"line":31,"column":null}},"type":"if","locations":[{"start":{"line":27,"column":6},"end":{"line":31,"column":null}},{"start":{"line":29,"column":13},"end":{"line":31,"column":null}}]},"4":{"loc":{"start":{"line":37,"column":13},"end":{"line":37,"column":null}},"type":"cond-expr","locations":[{"start":{"line":37,"column":31},"end":{"line":37,"column":43}},{"start":{"line":37,"column":43},"end":{"line":37,"column":null}}]}},"s":{"0":1,"1":0,"2":0,"3":0,"4":0,"5":0,"6":0,"7":0,"8":0,"9":0,"10":0,"11":0,"12":0,"13":0,"14":0,"15":0,"16":0,"17":0,"18":0,"19":0},"f":{"0":0},"b":{"0":[0],"1":[0],"2":[0,0],"3":[0,0],"4":[0,0]}}
,"E:\\demo\\varian-validator\\src\\validator\\isEmail.ts": {"path":"E:\\demo\\varian-validator\\src\\validator\\isEmail.ts","statementMap":{"0":{"start":{"line":6,"column":17},"end":{"line":13,"column":null}},"1":{"start":{"line":7,"column":2},"end":{"line":9,"column":null}},"2":{"start":{"line":8,"column":4},"end":{"line":8,"column":11}},"3":{"start":{"line":11,"column":14},"end":{"line":11,"column":null}},"4":{"start":{"line":12,"column":2},"end":{"line":12,"column":9}}},"fnMap":{"0":{"name":"(anonymous_32)","decl":{"start":{"line":6,"column":17},"end":{"line":6,"column":30}},"loc":{"start":{"line":6,"column":30},"end":{"line":13,"column":null}}}},"branchMap":{"0":{"loc":{"start":{"line":7,"column":2},"end":{"line":9,"column":null}},"type":"if","locations":[{"start":{"line":7,"column":2},"end":{"line":9,"column":null}}]}},"s":{"0":1,"1":0,"2":0,"3":0,"4":0},"f":{"0":0},"b":{"0":[0]}}
,"E:\\demo\\varian-validator\\src\\validator\\isEthereumAddress.ts": {"path":"E:\\demo\\varian-validator\\src\\validator\\isEthereumAddress.ts","statementMap":{"0":{"start":{"line":5,"column":27},"end":{"line":12,"column":null}},"1":{"start":{"line":6,"column":17},"end":{"line":6,"column":null}},"2":{"start":{"line":7,"column":2},"end":{"line":9,"column":null}},"3":{"start":{"line":8,"column":4},"end":{"line":8,"column":11}},"4":{"start":{"line":10,"column":2},"end":{"line":10,"column":5}},"5":{"start":{"line":11,"column":2},"end":{"line":11,"column":9}}},"fnMap":{"0":{"name":"(anonymous_33)","decl":{"start":{"line":5,"column":27},"end":{"line":5,"column":40}},"loc":{"start":{"line":5,"column":40},"end":{"line":12,"column":null}}}},"branchMap":{"0":{"loc":{"start":{"line":7,"column":2},"end":{"line":9,"column":null}},"type":"if","locations":[{"start":{"line":7,"column":2},"end":{"line":9,"column":null}}]}},"s":{"0":1,"1":0,"2":0,"3":0,"4":0,"5":0},"f":{"0":0},"b":{"0":[0]}}
,"E:\\demo\\varian-validator\\src\\validator\\isFixedPhone.ts": {"path":"E:\\demo\\varian-validator\\src\\validator\\isFixedPhone.ts","statementMap":{"0":{"start":{"line":7,"column":23},"end":{"line":10,"column":null}},"1":{"start":{"line":8,"column":14},"end":{"line":8,"column":null}},"2":{"start":{"line":9,"column":2},"end":{"line":9,"column":9}}},"fnMap":{"0":{"name":"(anonymous_34)","decl":{"start":{"line":7,"column":23},"end":{"line":7,"column":39}},"loc":{"start":{"line":7,"column":39},"end":{"line":10,"column":null}}}},"branchMap":{},"s":{"0":1,"1":0,"2":0},"f":{"0":0},"b":{}}
,"E:\\demo\\varian-validator\\src\\validator\\isIMEI.ts": {"path":"E:\\demo\\varian-validator\\src\\validator\\isIMEI.ts","statementMap":{"0":{"start":{"line":10,"column":2},"end":{"line":12,"column":null}},"1":{"start":{"line":11,"column":4},"end":{"line":11,"column":11}},"2":{"start":{"line":13,"column":2},"end":{"line":13,"column":5}},"3":{"start":{"line":15,"column":31},"end":{"line":15,"column":null}},"4":{"start":{"line":16,"column":28},"end":{"line":16,"column":null}},"5":{"start":{"line":19,"column":18},"end":{"line":19,"column":null}},"6":{"start":{"line":21,"column":2},"end":{"line":23,"column":null}},"7":{"start":{"line":22,"column":4},"end":{"line":22,"column":13}},"8":{"start":{"line":26,"column":2},"end":{"line":28,"column":null}},"9":{"start":{"line":27,"column":4},"end":{"line":27,"column":11}},"10":{"start":{"line":30,"column":2},"end":{"line":30,"column":5}},"11":{"start":{"line":32,"column":12},"end":{"line":32,"column":null}},"12":{"start":{"line":33,"column":10},"end":{"line":33,"column":null}},"13":{"start":{"line":34,"column":8},"end":{"line":34,"column":null}},"14":{"start":{"line":36,"column":2},"end":{"line":49,"column":null}},"15":{"start":{"line":36,"column":15},"end":{"line":36,"column":18}},"16":{"start":{"line":37,"column":18},"end":{"line":37,"column":21}},"17":{"start":{"line":38,"column":15},"end":{"line":38,"column":null}},"18":{"start":{"line":39,"column":4},"end":{"line":43,"column":null}},"19":{"start":{"line":40,"column":6},"end":{"line":40,"column":9}},"20":{"start":{"line":42,"column":6},"end":{"line":42,"column":9}},"21":{"start":{"line":44,"column":4},"end":{"line":48,"column":null}},"22":{"start":{"line":45,"column":6},"end":{"line":45,"column":9}},"23":{"start":{"line":47,"column":6},"end":{"line":47,"column":9}},"24":{"start":{"line":50,"column":15},"end":{"line":50,"column":null}},"25":{"start":{"line":51,"column":2},"end":{"line":51,"column":9}}},"fnMap":{"0":{"name":"isIMEI","decl":{"start":{"line":9,"column":24},"end":{"line":9,"column":31}},"loc":{"start":{"line":9,"column":64},"end":{"line":53,"column":null}}}},"branchMap":{"0":{"loc":{"start":{"line":9,"column":41},"end":{"line":9,"column":64}},"type":"default-arg","locations":[{"start":{"line":9,"column":57},"end":{"line":9,"column":64}}]},"1":{"loc":{"start":{"line":10,"column":2},"end":{"line":12,"column":null}},"type":"if","locations":[{"start":{"line":10,"column":2},"end":{"line":12,"column":null}}]},"2":{"loc":{"start":{"line":21,"column":2},"end":{"line":23,"column":null}},"type":"if","locations":[{"start":{"line":21,"column":2},"end":{"line":23,"column":null}}]},"3":{"loc":{"start":{"line":26,"column":2},"end":{"line":28,"column":null}},"type":"if","locations":[{"start":{"line":26,"column":2},"end":{"line":28,"column":null}}]},"4":{"loc":{"start":{"line":39,"column":4},"end":{"line":43,"column":null}},"type":"if","locations":[{"start":{"line":39,"column":4},"end":{"line":43,"column":null}},{"start":{"line":41,"column":11},"end":{"line":43,"column":null}}]},"5":{"loc":{"start":{"line":44,"column":4},"end":{"line":48,"column":null}},"type":"if","locations":[{"start":{"line":44,"column":4},"end":{"line":48,"column":null}},{"start":{"line":46,"column":11},"end":{"line":48,"column":null}}]}},"s":{"0":0,"1":0,"2":0,"3":0,"4":0,"5":0,"6":0,"7":0,"8":0,"9":0,"10":0,"11":0,"12":0,"13":0,"14":0,"15":0,"16":0,"17":0,"18":0,"19":0,"20":0,"21":0,"22":0,"23":0,"24":0,"25":0},"f":{"0":0},"b":{"0":[0],"1":[0],"2":[0],"3":[0],"4":[0,0],"5":[0,0]}}
,"E:\\demo\\varian-validator\\src\\validator\\isIdentityCard.ts": {"path":"E:\\demo\\varian-validator\\src\\validator\\isIdentityCard.ts","statementMap":{"0":{"start":{"line":9,"column":31},"end":{"line":9,"column":null}},"1":{"start":{"line":11,"column":27},"end":{"line":11,"column":10}},"2":{"start":{"line":25,"column":4},"end":{"line":36,"column":null}},"3":{"start":{"line":26,"column":21},"end":{"line":26,"column":24}},"4":{"start":{"line":27,"column":18},"end":{"line":27,"column":24}},"5":{"start":{"line":28,"column":8},"end":{"line":28,"column":46}},"6":{"start":{"line":30,"column":21},"end":{"line":30,"column":null}},"7":{"start":{"line":31,"column":24},"end":{"line":31,"column":31}},"8":{"start":{"line":33,"column":6},"end":{"line":35,"column":null}},"9":{"start":{"line":34,"column":8},"end":{"line":34,"column":15}},"10":{"start":{"line":38,"column":4},"end":{"line":38,"column":11}},"11":{"start":{"line":41,"column":16},"end":{"line":41,"column":null}},"12":{"start":{"line":43,"column":23},"end":{"line":43,"column":10}},"13":{"start":{"line":49,"column":26},"end":{"line":49,"column":null}},"14":{"start":{"line":55,"column":22},"end":{"line":55,"column":25}},"15":{"start":{"line":58,"column":4},"end":{"line":60,"column":null}},"16":{"start":{"line":59,"column":6},"end":{"line":59,"column":13}},"17":{"start":{"line":63,"column":19},"end":{"line":63,"column":28}},"18":{"start":{"line":63,"column":70},"end":{"line":63,"column":81}},"19":{"start":{"line":66,"column":4},"end":{"line":66,"column":11}},"20":{"start":{"line":70,"column":4},"end":{"line":72,"column":null}},"21":{"start":{"line":71,"column":6},"end":{"line":71,"column":13}},"22":{"start":{"line":74,"column":4},"end":{"line":76,"column":null}},"23":{"start":{"line":75,"column":6},"end":{"line":75,"column":13}},"24":{"start":{"line":78,"column":24},"end":{"line":78,"column":null}},"25":{"start":{"line":80,"column":24},"end":{"line":80,"column":73}},"26":{"start":{"line":81,"column":22},"end":{"line":81,"column":null}},"27":{"start":{"line":82,"column":23},"end":{"line":82,"column":35}},"28":{"start":{"line":84,"column":4},"end":{"line":84,"column":11}},"29":{"start":{"line":87,"column":16},"end":{"line":87,"column":null}},"30":{"start":{"line":90,"column":14},"end":{"line":90,"column":null}},"31":{"start":{"line":104,"column":14},"end":{"line":104,"column":null}},"32":{"start":{"line":116,"column":22},"end":{"line":116,"column":25}},"33":{"start":{"line":119,"column":4},"end":{"line":121,"column":null}},"34":{"start":{"line":120,"column":6},"end":{"line":120,"column":13}},"35":{"start":{"line":122,"column":12},"end":{"line":122,"column":null}},"36":{"start":{"line":123,"column":24},"end":{"line":123,"column":33}},"37":{"start":{"line":125,"column":4},"end":{"line":125,"column":17}},"38":{"start":{"line":126,"column":6},"end":{"line":126,"column":7}},"39":{"start":{"line":129,"column":4},"end":{"line":129,"column":11}},"40":{"start":{"line":132,"column":4},"end":{"line":132,"column":38}},"41":{"start":{"line":132,"column":31},"end":{"line":132,"column":38}},"42":{"start":{"line":133,"column":4},"end":{"line":133,"column":7}},"43":{"start":{"line":135,"column":4},"end":{"line":135,"column":52}},"44":{"start":{"line":135,"column":45},"end":{"line":135,"column":52}},"45":{"start":{"line":137,"column":23},"end":{"line":137,"column":32}},"46":{"start":{"line":138,"column":14},"end":{"line":138,"column":null}},"47":{"start":{"line":140,"column":4},"end":{"line":142,"column":null}},"48":{"start":{"line":140,"column":17},"end":{"line":140,"column":20}},"49":{"start":{"line":141,"column":6},"end":{"line":141,"column":9}},"50":{"start":{"line":144,"column":4},"end":{"line":144,"column":7}},"51":{"start":{"line":146,"column":4},"end":{"line":146,"column":null}},"52":{"start":{"line":151,"column":4},"end":{"line":151,"column":32}},"53":{"start":{"line":151,"column":25},"end":{"line":151,"column":32}},"54":{"start":{"line":152,"column":4},"end":{"line":152,"column":35}},"55":{"start":{"line":152,"column":28},"end":{"line":152,"column":35}},"56":{"start":{"line":153,"column":4},"end":{"line":153,"column":11}},"57":{"start":{"line":156,"column":22},"end":{"line":156,"column":25}},"58":{"start":{"line":157,"column":4},"end":{"line":157,"column":40}},"59":{"start":{"line":157,"column":33},"end":{"line":157,"column":40}},"60":{"start":{"line":158,"column":4},"end":{"line":158,"column":39}},"61":{"start":{"line":158,"column":32},"end":{"line":158,"column":39}},"62":{"start":{"line":159,"column":4},"end":{"line":159,"column":43}},"63":{"start":{"line":159,"column":36},"end":{"line":159,"column":43}},"64":{"start":{"line":162,"column":14},"end":{"line":162,"column":23}},"65":{"start":{"line":163,"column":13},"end":{"line":165,"column":null}},"66":{"start":{"line":166,"column":13},"end":{"line":168,"column":null}},"67":{"start":{"line":170,"column":4},"end":{"line":170,"column":43}},"68":{"start":{"line":170,"column":36},"end":{"line":170,"column":43}},"69":{"start":{"line":171,"column":4},"end":{"line":171,"column":11}},"70":{"start":{"line":174,"column":4},"end":{"line":174,"column":43}},"71":{"start":{"line":174,"column":36},"end":{"line":174,"column":43}},"72":{"start":{"line":177,"column":14},"end":{"line":177,"column":null}},"73":{"start":{"line":178,"column":4},"end":{"line":180,"column":null}},"74":{"start":{"line":178,"column":17},"end":{"line":178,"column":20}},"75":{"start":{"line":179,"column":6},"end":{"line":179,"column":9}},"76":{"start":{"line":181,"column":4},"end":{"line":181,"column":11}},"77":{"start":{"line":184,"column":20},"end":{"line":184,"column":null}},"78":{"start":{"line":185,"column":20},"end":{"line":185,"column":null}},"79":{"start":{"line":187,"column":4},"end":{"line":188,"column":59}},"80":{"start":{"line":187,"column":47},"end":{"line":187,"column":54}},"81":{"start":{"line":188,"column":9},"end":{"line":188,"column":59}},"82":{"start":{"line":188,"column":52},"end":{"line":188,"column":59}},"83":{"start":{"line":189,"column":4},"end":{"line":189,"column":11}},"84":{"start":{"line":192,"column":16},"end":{"line":192,"column":null}},"85":{"start":{"line":195,"column":22},"end":{"line":195,"column":25}},"86":{"start":{"line":198,"column":4},"end":{"line":200,"column":null}},"87":{"start":{"line":199,"column":6},"end":{"line":199,"column":13}},"88":{"start":{"line":202,"column":15},"end":{"line":202,"column":null}},"89":{"start":{"line":204,"column":14},"end":{"line":204,"column":null}},"90":{"start":{"line":206,"column":4},"end":{"line":209,"column":null}},"91":{"start":{"line":206,"column":17},"end":{"line":206,"column":20}},"92":{"start":{"line":207,"column":6},"end":{"line":207,"column":12}},"93":{"start":{"line":208,"column":6},"end":{"line":208,"column":9}},"94":{"start":{"line":210,"column":4},"end":{"line":210,"column":11}},"95":{"start":{"line":214,"column":16},"end":{"line":214,"column":null}},"96":{"start":{"line":217,"column":22},"end":{"line":217,"column":25}},"97":{"start":{"line":220,"column":4},"end":{"line":222,"column":null}},"98":{"start":{"line":221,"column":6},"end":{"line":221,"column":13}},"99":{"start":{"line":223,"column":4},"end":{"line":223,"column":11}},"100":{"start":{"line":226,"column":16},"end":{"line":226,"column":null}},"101":{"start":{"line":229,"column":22},"end":{"line":229,"column":25}},"102":{"start":{"line":232,"column":4},"end":{"line":234,"column":null}},"103":{"start":{"line":233,"column":6},"end":{"line":233,"column":13}},"104":{"start":{"line":235,"column":4},"end":{"line":235,"column":11}},"105":{"start":{"line":238,"column":31},"end":{"line":238,"column":10}},"106":{"start":{"line":276,"column":19},"end":{"line":276,"column":20}},"107":{"start":{"line":278,"column":22},"end":{"line":278,"column":23}},"108":{"start":{"line":280,"column":30},"end":{"line":280,"column":72}},"109":{"start":{"line":280,"column":54},"end":{"line":280,"column":72}},"110":{"start":{"line":282,"column":31},"end":{"line":282,"column":10}},"111":{"start":{"line":283,"column":19},"end":{"line":283,"column":28}},"112":{"start":{"line":284,"column":17},"end":{"line":284,"column":26}},"113":{"start":{"line":285,"column":17},"end":{"line":285,"column":26}},"114":{"start":{"line":286,"column":20},"end":{"line":286,"column":24}},"115":{"start":{"line":287,"column":6},"end":{"line":292,"column":null}},"116":{"start":{"line":288,"column":8},"end":{"line":288,"column":15}},"117":{"start":{"line":290,"column":13},"end":{"line":292,"column":null}},"118":{"start":{"line":291,"column":8},"end":{"line":291,"column":15}},"119":{"start":{"line":293,"column":6},"end":{"line":293,"column":13}},"120":{"start":{"line":296,"column":26},"end":{"line":296,"column":10}},"121":{"start":{"line":297,"column":17},"end":{"line":297,"column":25}},"122":{"start":{"line":299,"column":18},"end":{"line":299,"column":null}},"123":{"start":{"line":300,"column":6},"end":{"line":302,"column":null}},"124":{"start":{"line":300,"column":19},"end":{"line":300,"column":22}},"125":{"start":{"line":301,"column":8},"end":{"line":301,"column":13}},"126":{"start":{"line":304,"column":16},"end":{"line":304,"column":null}},"127":{"start":{"line":305,"column":6},"end":{"line":305,"column":13}},"128":{"start":{"line":308,"column":28},"end":{"line":308,"column":84}},"129":{"start":{"line":308,"column":49},"end":{"line":308,"column":84}},"130":{"start":{"line":311,"column":29},"end":{"line":311,"column":10}},"131":{"start":{"line":312,"column":18},"end":{"line":312,"column":89}},"132":{"start":{"line":313,"column":6},"end":{"line":313,"column":24}},"133":{"start":{"line":313,"column":17},"end":{"line":313,"column":24}},"134":{"start":{"line":314,"column":24},"end":{"line":314,"column":32}},"135":{"start":{"line":315,"column":6},"end":{"line":315,"column":11}},"136":{"start":{"line":316,"column":6},"end":{"line":316,"column":24}},"137":{"start":{"line":316,"column":17},"end":{"line":316,"column":24}},"138":{"start":{"line":317,"column":24},"end":{"line":317,"column":10}},"139":{"start":{"line":318,"column":6},"end":{"line":318,"column":11}},"140":{"start":{"line":319,"column":6},"end":{"line":319,"column":24}},"141":{"start":{"line":319,"column":17},"end":{"line":319,"column":24}},"142":{"start":{"line":320,"column":6},"end":{"line":320,"column":13}},"143":{"start":{"line":323,"column":29},"end":{"line":323,"column":10}},"144":{"start":{"line":324,"column":18},"end":{"line":324,"column":107}},"145":{"start":{"line":325,"column":6},"end":{"line":325,"column":24}},"146":{"start":{"line":325,"column":17},"end":{"line":325,"column":24}},"147":{"start":{"line":326,"column":24},"end":{"line":326,"column":32}},"148":{"start":{"line":327,"column":6},"end":{"line":327,"column":11}},"149":{"start":{"line":328,"column":6},"end":{"line":328,"column":24}},"150":{"start":{"line":328,"column":17},"end":{"line":328,"column":24}},"151":{"start":{"line":329,"column":23},"end":{"line":329,"column":31}},"152":{"start":{"line":330,"column":6},"end":{"line":330,"column":11}},"153":{"start":{"line":331,"column":6},"end":{"line":331,"column":24}},"154":{"start":{"line":331,"column":17},"end":{"line":331,"column":24}},"155":{"start":{"line":332,"column":6},"end":{"line":332,"column":13}},"156":{"start":{"line":335,"column":27},"end":{"line":335,"column":10}},"157":{"start":{"line":336,"column":18},"end":{"line":336,"column":46}},"158":{"start":{"line":337,"column":6},"end":{"line":337,"column":24}},"159":{"start":{"line":337,"column":17},"end":{"line":337,"column":24}},"160":{"start":{"line":338,"column":6},"end":{"line":340,"column":null}},"161":{"start":{"line":339,"column":8},"end":{"line":339,"column":15}},"162":{"start":{"line":341,"column":6},"end":{"line":341,"column":13}},"163":{"start":{"line":343,"column":4},"end":{"line":343,"column":11}},"164":{"start":{"line":346,"column":27},"end":{"line":346,"column":10}},"165":{"start":{"line":375,"column":22},"end":{"line":375,"column":25}},"166":{"start":{"line":377,"column":4},"end":{"line":377,"column":50}},"167":{"start":{"line":377,"column":43},"end":{"line":377,"column":50}},"168":{"start":{"line":380,"column":4},"end":{"line":380,"column":11}},"169":{"start":{"line":381,"column":6},"end":{"line":385,"column":null}},"170":{"start":{"line":382,"column":21},"end":{"line":382,"column":36}},"171":{"start":{"line":384,"column":8},"end":{"line":384,"column":15}},"172":{"start":{"line":387,"column":6},"end":{"line":389,"column":null}},"173":{"start":{"line":388,"column":8},"end":{"line":388,"column":15}},"174":{"start":{"line":391,"column":6},"end":{"line":391,"column":13}},"175":{"start":{"line":410,"column":2},"end":{"line":412,"column":null}},"176":{"start":{"line":411,"column":4},"end":{"line":411,"column":11}},"177":{"start":{"line":413,"column":2},"end":{"line":413,"column":5}},"178":{"start":{"line":414,"column":2},"end":{"line":427,"column":null}},"179":{"start":{"line":415,"column":4},"end":{"line":415,"column":11}},"180":{"start":{"line":416,"column":9},"end":{"line":427,"column":null}},"181":{"start":{"line":417,"column":4},"end":{"line":425,"column":null}},"182":{"start":{"line":419,"column":6},"end":{"line":424,"column":null}},"183":{"start":{"line":420,"column":26},"end":{"line":420,"column":49}},"184":{"start":{"line":421,"column":8},"end":{"line":423,"column":null}},"185":{"start":{"line":422,"column":10},"end":{"line":422,"column":17}},"186":{"start":{"line":426,"column":4},"end":{"line":426,"column":11}},"187":{"start":{"line":428,"column":2},"end":{"line":428,"column":8}}},"fnMap":{"0":{"name":"(anonymous_36)","decl":{"start":{"line":10,"column":7},"end":{"line":10,"column":23}},"loc":{"start":{"line":10,"column":23},"end":{"line":9,"column":null}}},"1":{"name":"(anonymous_37)","decl":{"start":{"line":27,"column":32},"end":{"line":27,"column":33}},"loc":{"start":{"line":28,"column":8},"end":{"line":28,"column":46}}},"2":{"name":"(anonymous_38)","decl":{"start":{"line":40,"column":7},"end":{"line":40,"column":23}},"loc":{"start":{"line":40,"column":23},"end":{"line":9,"column":null}}},"3":{"name":"(anonymous_39)","decl":{"start":{"line":63,"column":62},"end":{"line":63,"column":66}},"loc":{"start":{"line":63,"column":70},"end":{"line":63,"column":81}}},"4":{"name":"(anonymous_40)","decl":{"start":{"line":68,"column":7},"end":{"line":68,"column":23}},"loc":{"start":{"line":68,"column":23},"end":{"line":9,"column":null}}},"5":{"name":"(anonymous_41)","decl":{"start":{"line":86,"column":7},"end":{"line":86,"column":23}},"loc":{"start":{"line":86,"column":23},"end":{"line":9,"column":null}}},"6":{"name":"(anonymous_42)","decl":{"start":{"line":125,"column":26},"end":{"line":125,"column":27}},"loc":{"start":{"line":125,"column":38},"end":{"line":125,"column":17}}},"7":{"name":"(anonymous_43)","decl":{"start":{"line":131,"column":7},"end":{"line":131,"column":23}},"loc":{"start":{"line":131,"column":23},"end":{"line":9,"column":null}}},"8":{"name":"IT","decl":{"start":{"line":150,"column":15},"end":{"line":150,"column":18}},"loc":{"start":{"line":150,"column":31},"end":{"line":9,"column":null}}},"9":{"name":"(anonymous_45)","decl":{"start":{"line":155,"column":7},"end":{"line":155,"column":23}},"loc":{"start":{"line":155,"column":23},"end":{"line":9,"column":null}}},"10":{"name":"(anonymous_46)","decl":{"start":{"line":173,"column":7},"end":{"line":173,"column":23}},"loc":{"start":{"line":173,"column":23},"end":{"line":9,"column":null}}},"11":{"name":"(anonymous_47)","decl":{"start":{"line":183,"column":7},"end":{"line":183,"column":23}},"loc":{"start":{"line":183,"column":23},"end":{"line":9,"column":null}}},"12":{"name":"(anonymous_48)","decl":{"start":{"line":191,"column":12},"end":{"line":191,"column":28}},"loc":{"start":{"line":191,"column":28},"end":{"line":9,"column":null}}},"13":{"name":"(anonymous_49)","decl":{"start":{"line":212,"column":12},"end":{"line":212,"column":28}},"loc":{"start":{"line":212,"column":28},"end":{"line":9,"column":null}}},"14":{"name":"(anonymous_50)","decl":{"start":{"line":225,"column":12},"end":{"line":225,"column":28}},"loc":{"start":{"line":225,"column":28},"end":{"line":9,"column":null}}},"15":{"name":"(anonymous_51)","decl":{"start":{"line":237,"column":12},"end":{"line":237,"column":28}},"loc":{"start":{"line":237,"column":28},"end":{"line":9,"column":null}}},"16":{"name":"(anonymous_52)","decl":{"start":{"line":280,"column":30},"end":{"line":280,"column":54}},"loc":{"start":{"line":280,"column":54},"end":{"line":280,"column":72}}},"17":{"name":"(anonymous_53)","decl":{"start":{"line":282,"column":31},"end":{"line":282,"column":54}},"loc":{"start":{"line":282,"column":54},"end":{"line":282,"column":10}}},"18":{"name":"(anonymous_54)","decl":{"start":{"line":296,"column":26},"end":{"line":296,"column":47}},"loc":{"start":{"line":296,"column":47},"end":{"line":296,"column":10}}},"19":{"name":"(anonymous_55)","decl":{"start":{"line":308,"column":28},"end":{"line":308,"column":49}},"loc":{"start":{"line":308,"column":49},"end":{"line":308,"column":84}}},"20":{"name":"(anonymous_56)","decl":{"start":{"line":311,"column":29},"end":{"line":311,"column":50}},"loc":{"start":{"line":311,"column":50},"end":{"line":311,"column":10}}},"21":{"name":"(anonymous_57)","decl":{"start":{"line":323,"column":29},"end":{"line":323,"column":50}},"loc":{"start":{"line":323,"column":50},"end":{"line":323,"column":10}}},"22":{"name":"(anonymous_58)","decl":{"start":{"line":335,"column":27},"end":{"line":335,"column":48}},"loc":{"start":{"line":335,"column":48},"end":{"line":335,"column":10}}},"23":{"name":"(anonymous_59)","decl":{"start":{"line":345,"column":12},"end":{"line":345,"column":28}},"loc":{"start":{"line":345,"column":28},"end":{"line":393,"column":null}}},"24":{"name":"(anonymous_60)","decl":{"start":{"line":380,"column":40},"end":{"line":380,"column":41}},"loc":{"start":{"line":380,"column":64},"end":{"line":380,"column":16}}},"25":{"name":"isIdentityCard","decl":{"start":{"line":409,"column":24},"end":{"line":409,"column":39}},"loc":{"start":{"line":409,"column":65},"end":{"line":429,"column":null}}}},"branchMap":{"0":{"loc":{"start":{"line":25,"column":4},"end":{"line":36,"column":null}},"type":"if","locations":[{"start":{"line":25,"column":4},"end":{"line":36,"column":null}}]},"1":{"loc":{"start":{"line":25,"column":7},"end":{"line":25,"column":49}},"type":"binary-expr","locations":[{"start":{"line":25,"column":7},"end":{"line":25,"column":22}},{"start":{"line":25,"column":22},"end":{"line":25,"column":43}},{"start":{"line":25,"column":43},"end":{"line":25,"column":49}}]},"2":{"loc":{"start":{"line":33,"column":6},"end":{"line":35,"column":null}},"type":"if","locations":[{"start":{"line":33,"column":6},"end":{"line":35,"column":null}}]},"3":{"loc":{"start":{"line":33,"column":10},"end":{"line":33,"column":73}},"type":"binary-expr","locations":[{"start":{"line":33,"column":10},"end":{"line":33,"column":26}},{"start":{"line":33,"column":26},"end":{"line":33,"column":46}},{"start":{"line":33,"column":46},"end":{"line":33,"column":73}}]},"4":{"loc":{"start":{"line":58,"column":4},"end":{"line":60,"column":null}},"type":"if","locations":[{"start":{"line":58,"column":4},"end":{"line":60,"column":null}}]},"5":{"loc":{"start":{"line":70,"column":4},"end":{"line":72,"column":null}},"type":"if","locations":[{"start":{"line":70,"column":4},"end":{"line":72,"column":null}}]},"6":{"loc":{"start":{"line":74,"column":4},"end":{"line":76,"column":null}},"type":"if","locations":[{"start":{"line":74,"column":4},"end":{"line":76,"column":null}}]},"7":{"loc":{"start":{"line":119,"column":4},"end":{"line":121,"column":null}},"type":"if","locations":[{"start":{"line":119,"column":4},"end":{"line":121,"column":null}}]},"8":{"loc":{"start":{"line":132,"column":4},"end":{"line":132,"column":38}},"type":"if","locations":[{"start":{"line":132,"column":4},"end":{"line":132,"column":38}}]},"9":{"loc":{"start":{"line":135,"column":4},"end":{"line":135,"column":52}},"type":"if","locations":[{"start":{"line":135,"column":4},"end":{"line":135,"column":52}}]},"10":{"loc":{"start":{"line":147,"column":7},"end":{"line":147,"column":null}},"type":"binary-expr","locations":[{"start":{"line":147,"column":7},"end":{"line":147,"column":18}},{"start":{"line":147,"column":18},"end":{"line":147,"column":42}},{"start":{"line":147,"column":42},"end":{"line":147,"column":54}},{"start":{"line":147,"column":54},"end":{"line":147,"column":null}}]},"11":{"loc":{"start":{"line":151,"column":4},"end":{"line":151,"column":32}},"type":"if","locations":[{"start":{"line":151,"column":4},"end":{"line":151,"column":32}}]},"12":{"loc":{"start":{"line":152,"column":4},"end":{"line":152,"column":35}},"type":"if","locations":[{"start":{"line":152,"column":4},"end":{"line":152,"column":35}}]},"13":{"loc":{"start":{"line":157,"column":4},"end":{"line":157,"column":40}},"type":"if","locations":[{"start":{"line":157,"column":4},"end":{"line":157,"column":40}}]},"14":{"loc":{"start":{"line":158,"column":4},"end":{"line":158,"column":39}},"type":"if","locations":[{"start":{"line":158,"column":4},"end":{"line":158,"column":39}}]},"15":{"loc":{"start":{"line":159,"column":4},"end":{"line":159,"column":43}},"type":"if","locations":[{"start":{"line":159,"column":4},"end":{"line":159,"column":43}}]},"16":{"loc":{"start":{"line":170,"column":4},"end":{"line":170,"column":43}},"type":"if","locations":[{"start":{"line":170,"column":4},"end":{"line":170,"column":43}}]},"17":{"loc":{"start":{"line":170,"column":7},"end":{"line":170,"column":31}},"type":"binary-expr","locations":[{"start":{"line":170,"column":7},"end":{"line":170,"column":16}},{"start":{"line":170,"column":22},"end":{"line":170,"column":31}}]},"18":{"loc":{"start":{"line":174,"column":4},"end":{"line":174,"column":43}},"type":"if","locations":[{"start":{"line":174,"column":4},"end":{"line":174,"column":43}}]},"19":{"loc":{"start":{"line":187,"column":4},"end":{"line":188,"column":59}},"type":"if","locations":[{"start":{"line":187,"column":4},"end":{"line":188,"column":59}},{"start":{"line":188,"column":9},"end":{"line":188,"column":59}}]},"20":{"loc":{"start":{"line":187,"column":7},"end":{"line":187,"column":35}},"type":"binary-expr","locations":[{"start":{"line":187,"column":7},"end":{"line":187,"column":28}},{"start":{"line":187,"column":28},"end":{"line":187,"column":35}}]},"21":{"loc":{"start":{"line":188,"column":9},"end":{"line":188,"column":59}},"type":"if","locations":[{"start":{"line":188,"column":9},"end":{"line":188,"column":59}}]},"22":{"loc":{"start":{"line":188,"column":12},"end":{"line":188,"column":40}},"type":"binary-expr","locations":[{"start":{"line":188,"column":12},"end":{"line":188,"column":33}},{"start":{"line":188,"column":33},"end":{"line":188,"column":40}}]},"23":{"loc":{"start":{"line":198,"column":4},"end":{"line":200,"column":null}},"type":"if","locations":[{"start":{"line":198,"column":4},"end":{"line":200,"column":null}}]},"24":{"loc":{"start":{"line":208,"column":13},"end":{"line":208,"column":null}},"type":"cond-expr","locations":[{"start":{"line":208,"column":26},"end":{"line":208,"column":39}},{"start":{"line":208,"column":39},"end":{"line":208,"column":null}}]},"25":{"loc":{"start":{"line":220,"column":4},"end":{"line":222,"column":null}},"type":"if","locations":[{"start":{"line":220,"column":4},"end":{"line":222,"column":null}}]},"26":{"loc":{"start":{"line":232,"column":4},"end":{"line":234,"column":null}},"type":"if","locations":[{"start":{"line":232,"column":4},"end":{"line":234,"column":null}}]},"27":{"loc":{"start":{"line":287,"column":6},"end":{"line":292,"column":null}},"type":"if","locations":[{"start":{"line":287,"column":6},"end":{"line":292,"column":null}},{"start":{"line":290,"column":13},"end":{"line":292,"column":null}}]},"28":{"loc":{"start":{"line":290,"column":13},"end":{"line":292,"column":null}},"type":"if","locations":[{"start":{"line":290,"column":13},"end":{"line":292,"column":null}}]},"29":{"loc":{"start":{"line":290,"column":17},"end":{"line":290,"column":109}},"type":"binary-expr","locations":[{"start":{"line":290,"column":17},"end":{"line":290,"column":51}},{"start":{"line":290,"column":51},"end":{"line":290,"column":84}},{"start":{"line":290,"column":84},"end":{"line":290,"column":109}}]},"30":{"loc":{"start":{"line":313,"column":6},"end":{"line":313,"column":24}},"type":"if","locations":[{"start":{"line":313,"column":6},"end":{"line":313,"column":24}}]},"31":{"loc":{"start":{"line":316,"column":6},"end":{"line":316,"column":24}},"type":"if","locations":[{"start":{"line":316,"column":6},"end":{"line":316,"column":24}}]},"32":{"loc":{"start":{"line":319,"column":6},"end":{"line":319,"column":24}},"type":"if","locations":[{"start":{"line":319,"column":6},"end":{"line":319,"column":24}}]},"33":{"loc":{"start":{"line":325,"column":6},"end":{"line":325,"column":24}},"type":"if","locations":[{"start":{"line":325,"column":6},"end":{"line":325,"column":24}}]},"34":{"loc":{"start":{"line":328,"column":6},"end":{"line":328,"column":24}},"type":"if","locations":[{"start":{"line":328,"column":6},"end":{"line":328,"column":24}}]},"35":{"loc":{"start":{"line":331,"column":6},"end":{"line":331,"column":24}},"type":"if","locations":[{"start":{"line":331,"column":6},"end":{"line":331,"column":24}}]},"36":{"loc":{"start":{"line":337,"column":6},"end":{"line":337,"column":24}},"type":"if","locations":[{"start":{"line":337,"column":6},"end":{"line":337,"column":24}}]},"37":{"loc":{"start":{"line":338,"column":6},"end":{"line":340,"column":null}},"type":"if","locations":[{"start":{"line":338,"column":6},"end":{"line":340,"column":null}}]},"38":{"loc":{"start":{"line":377,"column":4},"end":{"line":377,"column":50}},"type":"if","locations":[{"start":{"line":377,"column":4},"end":{"line":377,"column":50}}]},"39":{"loc":{"start":{"line":381,"column":6},"end":{"line":385,"column":null}},"type":"if","locations":[{"start":{"line":381,"column":6},"end":{"line":385,"column":null}}]},"40":{"loc":{"start":{"line":387,"column":6},"end":{"line":389,"column":null}},"type":"if","locations":[{"start":{"line":387,"column":6},"end":{"line":389,"column":null}}]},"41":{"loc":{"start":{"line":410,"column":2},"end":{"line":412,"column":null}},"type":"if","locations":[{"start":{"line":410,"column":2},"end":{"line":412,"column":null}}]},"42":{"loc":{"start":{"line":414,"column":2},"end":{"line":427,"column":null}},"type":"if","locations":[{"start":{"line":414,"column":2},"end":{"line":427,"column":null}},{"start":{"line":416,"column":9},"end":{"line":427,"column":null}}]},"43":{"loc":{"start":{"line":416,"column":9},"end":{"line":427,"column":null}},"type":"if","locations":[{"start":{"line":416,"column":9},"end":{"line":427,"column":null}}]},"44":{"loc":{"start":{"line":419,"column":6},"end":{"line":424,"column":null}},"type":"if","locations":[{"start":{"line":419,"column":6},"end":{"line":424,"column":null}}]},"45":{"loc":{"start":{"line":421,"column":8},"end":{"line":423,"column":null}},"type":"if","locations":[{"start":{"line":421,"column":8},"end":{"line":423,"column":null}}]}},"s":{"0":1,"1":0,"2":0,"3":0,"4":0,"5":0,"6":0,"7":0,"8":0,"9":0,"10":0,"11":0,"12":0,"13":0,"14":0,"15":0,"16":0,"17":0,"18":0,"19":0,"20":0,"21":0,"22":0,"23":0,"24":0,"25":0,"26":0,"27":0,"28":0,"29":0,"30":0,"31":0,"32":0,"33":0,"34":0,"35":0,"36":0,"37":0,"38":0,"39":0,"40":0,"41":0,"42":0,"43":0,"44":0,"45":0,"46":0,"47":0,"48":0,"49":0,"50":0,"51":0,"52":0,"53":0,"54":0,"55":0,"56":0,"57":0,"58":0,"59":0,"60":0,"61":0,"62":0,"63":0,"64":0,"65":0,"66":0,"67":0,"68":0,"69":0,"70":0,"71":0,"72":0,"73":0,"74":0,"75":0,"76":0,"77":0,"78":0,"79":0,"80":0,"81":0,"82":0,"83":0,"84":0,"85":0,"86":0,"87":0,"88":0,"89":0,"90":0,"91":0,"92":0,"93":0,"94":0,"95":0,"96":0,"97":0,"98":0,"99":0,"100":0,"101":0,"102":0,"103":0,"104":0,"105":0,"106":0,"107":0,"108":0,"109":0,"110":0,"111":0,"112":0,"113":0,"114":0,"115":0,"116":0,"117":0,"118":0,"119":0,"120":0,"121":0,"122":0,"123":0,"124":0,"125":0,"126":0,"127":0,"128":0,"129":0,"130":0,"131":0,"132":0,"133":0,"134":0,"135":0,"136":0,"137":0,"138":0,"139":0,"140":0,"141":0,"142":0,"143":0,"144":0,"145":0,"146":0,"147":0,"148":0,"149":0,"150":0,"151":0,"152":0,"153":0,"154":0,"155":0,"156":0,"157":0,"158":0,"159":0,"160":0,"161":0,"162":0,"163":0,"164":0,"165":0,"166":0,"167":0,"168":0,"169":0,"170":0,"171":0,"172":0,"173":0,"174":0,"175":0,"176":0,"177":0,"178":0,"179":0,"180":0,"181":0,"182":0,"183":0,"184":0,"185":0,"186":0,"187":0},"f":{"0":0,"1":0,"2":0,"3":0,"4":0,"5":0,"6":0,"7":0,"8":0,"9":0,"10":0,"11":0,"12":0,"13":0,"14":0,"15":0,"16":0,"17":0,"18":0,"19":0,"20":0,"21":0,"22":0,"23":0,"24":0,"25":0},"b":{"0":[0],"1":[0,0,0],"2":[0],"3":[0,0,0],"4":[0],"5":[0],"6":[0],"7":[0],"8":[0],"9":[0],"10":[0,0,0,0],"11":[0],"12":[0],"13":[0],"14":[0],"15":[0],"16":[0],"17":[0,0],"18":[0],"19":[0,0],"20":[0,0],"21":[0],"22":[0,0],"23":[0],"24":[0,0],"25":[0],"26":[0],"27":[0,0],"28":[0],"29":[0,0,0],"30":[0],"31":[0],"32":[0],"33":[0],"34":[0],"35":[0],"36":[0],"37":[0],"38":[0],"39":[0],"40":[0],"41":[0],"42":[0,0],"43":[0],"44":[0],"45":[0]}}
,"E:\\demo\\varian-validator\\src\\validator\\isIn.ts": {"path":"E:\\demo\\varian-validator\\src\\validator\\isIn.ts","statementMap":{"0":{"start":{"line":11,"column":2},"end":{"line":13,"column":null}},"1":{"start":{"line":12,"column":4},"end":{"line":12,"column":11}},"2":{"start":{"line":15,"column":21},"end":{"line":15,"column":32}},"3":{"start":{"line":16,"column":2},"end":{"line":30,"column":null}},"4":{"start":{"line":17,"column":25},"end":{"line":17,"column":null}},"5":{"start":{"line":18,"column":4},"end":{"line":24,"column":null}},"6":{"start":{"line":21,"column":6},"end":{"line":23,"column":null}},"7":{"start":{"line":22,"column":8},"end":{"line":22,"column":13}},"8":{"start":{"line":25,"column":4},"end":{"line":25,"column":11}},"9":{"start":{"line":26,"column":9},"end":{"line":30,"column":null}},"10":{"start":{"line":27,"column":4},"end":{"line":27,"column":11}},"11":{"start":{"line":28,"column":9},"end":{"line":30,"column":null}},"12":{"start":{"line":29,"column":4},"end":{"line":29,"column":11}},"13":{"start":{"line":31,"column":2},"end":{"line":31,"column":9}}},"fnMap":{"0":{"name":"isIn","decl":{"start":{"line":10,"column":24},"end":{"line":10,"column":29}},"loc":{"start":{"line":10,"column":53},"end":{"line":32,"column":null}}}},"branchMap":{"0":{"loc":{"start":{"line":11,"column":2},"end":{"line":13,"column":null}},"type":"if","locations":[{"start":{"line":11,"column":2},"end":{"line":13,"column":null}}]},"1":{"loc":{"start":{"line":16,"column":2},"end":{"line":30,"column":null}},"type":"if","locations":[{"start":{"line":16,"column":2},"end":{"line":30,"column":null}},{"start":{"line":26,"column":9},"end":{"line":30,"column":null}}]},"2":{"loc":{"start":{"line":21,"column":6},"end":{"line":23,"column":null}},"type":"if","locations":[{"start":{"line":21,"column":6},"end":{"line":23,"column":null}}]},"3":{"loc":{"start":{"line":26,"column":9},"end":{"line":30,"column":null}},"type":"if","locations":[{"start":{"line":26,"column":9},"end":{"line":30,"column":null}},{"start":{"line":28,"column":9},"end":{"line":30,"column":null}}]},"4":{"loc":{"start":{"line":28,"column":9},"end":{"line":30,"column":null}},"type":"if","locations":[{"start":{"line":28,"column":9},"end":{"line":30,"column":null}}]}},"s":{"0":0,"1":0,"2":0,"3":0,"4":0,"5":0,"6":0,"7":0,"8":0,"9":0,"10":0,"11":0,"12":0,"13":0},"f":{"0":0},"b":{"0":[0],"1":[0,0],"2":[0],"3":[0,0],"4":[0]}}
,"E:\\demo\\varian-validator\\src\\validator\\isInRange.ts": {"path":"E:\\demo\\varian-validator\\src\\validator\\isInRange.ts","statementMap":{"0":{"start":{"line":9,"column":18},"end":{"line":16,"column":null}},"1":{"start":{"line":10,"column":2},"end":{"line":12,"column":null}},"2":{"start":{"line":11,"column":4},"end":{"line":11,"column":11}},"3":{"start":{"line":14,"column":14},"end":{"line":14,"column":21}},"4":{"start":{"line":15,"column":2},"end":{"line":15,"column":9}}},"fnMap":{"0":{"name":"(anonymous_9)","decl":{"start":{"line":9,"column":18},"end":{"line":9,"column":19}},"loc":{"start":{"line":9,"column":58},"end":{"line":16,"column":null}}}},"branchMap":{"0":{"loc":{"start":{"line":10,"column":2},"end":{"line":12,"column":null}},"type":"if","locations":[{"start":{"line":10,"column":2},"end":{"line":12,"column":null}}]},"1":{"loc":{"start":{"line":15,"column":9},"end":{"line":15,"column":null}},"type":"binary-expr","locations":[{"start":{"line":15,"column":9},"end":{"line":15,"column":23}},{"start":{"line":15,"column":23},"end":{"line":15,"column":null}}]}},"s":{"0":1,"1":0,"2":0,"3":0,"4":0},"f":{"0":0},"b":{"0":[0],"1":[0,0]}}
,"E:\\demo\\varian-validator\\src\\validator\\isInt.ts": {"path":"E:\\demo\\varian-validator\\src\\validator\\isInt.ts","statementMap":{"0":{"start":{"line":16,"column":2},"end":{"line":18,"column":null}},"1":{"start":{"line":17,"column":4},"end":{"line":17,"column":11}},"2":{"start":{"line":20,"column":14},"end":{"line":20,"column":null}},"3":{"start":{"line":21,"column":27},"end":{"line":21,"column":null}},"4":{"start":{"line":23,"column":2},"end":{"line":23,"column":9}},"5":{"start":{"line":28,"column":4},"end":{"line":29,"column":null}},"6":{"start":{"line":33,"column":24},"end":{"line":33,"column":null}},"7":{"start":{"line":34,"column":24},"end":{"line":34,"column":null}},"8":{"start":{"line":35,"column":23},"end":{"line":35,"column":null}},"9":{"start":{"line":36,"column":23},"end":{"line":36,"column":null}},"10":{"start":{"line":38,"column":2},"end":{"line":38,"column":9}}},"fnMap":{"0":{"name":"isInt","decl":{"start":{"line":9,"column":24},"end":{"line":9,"column":30}},"loc":{"start":{"line":15,"column":3},"end":{"line":39,"column":null}}}},"branchMap":{"0":{"loc":{"start":{"line":16,"column":2},"end":{"line":18,"column":null}},"type":"if","locations":[{"start":{"line":16,"column":2},"end":{"line":18,"column":null}}]},"1":{"loc":{"start":{"line":23,"column":12},"end":{"line":23,"column":null}},"type":"binary-expr","locations":[{"start":{"line":23,"column":12},"end":{"line":23,"column":19}},{"start":{"line":23,"column":23},"end":{"line":23,"column":null}}]},"2":{"loc":{"start":{"line":28,"column":4},"end":{"line":29,"column":null}},"type":"cond-expr","locations":[{"start":{"line":29,"column":6},"end":{"line":29,"column":12}},{"start":{"line":29,"column":12},"end":{"line":29,"column":null}}]},"3":{"loc":{"start":{"line":28,"column":4},"end":{"line":28,"column":null}},"type":"binary-expr","locations":[{"start":{"line":28,"column":4},"end":{"line":28,"column":11}},{"start":{"line":28,"column":54},"end":{"line":28,"column":null}}]},"4":{"loc":{"start":{"line":33,"column":24},"end":{"line":33,"column":null}},"type":"binary-expr","locations":[{"start":{"line":33,"column":24},"end":{"line":33,"column":32}},{"start":{"line":33,"column":59},"end":{"line":33,"column":97}},{"start":{"line":33,"column":97},"end":{"line":33,"column":null}}]},"5":{"loc":{"start":{"line":34,"column":24},"end":{"line":34,"column":null}},"type":"binary-expr","locations":[{"start":{"line":34,"column":24},"end":{"line":34,"column":32}},{"start":{"line":34,"column":59},"end":{"line":34,"column":97}},{"start":{"line":34,"column":97},"end":{"line":34,"column":null}}]},"6":{"loc":{"start":{"line":35,"column":23},"end":{"line":35,"column":null}},"type":"binary-expr","locations":[{"start":{"line":35,"column":23},"end":{"line":35,"column":31}},{"start":{"line":35,"column":57},"end":{"line":35,"column":94}},{"start":{"line":35,"column":94},"end":{"line":35,"column":null}}]},"7":{"loc":{"start":{"line":36,"column":23},"end":{"line":36,"column":null}},"type":"binary-expr","locations":[{"start":{"line":36,"column":23},"end":{"line":36,"column":31}},{"start":{"line":36,"column":57},"end":{"line":36,"column":94}},{"start":{"line":36,"column":94},"end":{"line":36,"column":null}}]},"8":{"loc":{"start":{"line":38,"column":9},"end":{"line":38,"column":null}},"type":"binary-expr","locations":[{"start":{"line":38,"column":9},"end":{"line":38,"column":14}},{"start":{"line":38,"column":28},"end":{"line":38,"column":46}},{"start":{"line":38,"column":46},"end":{"line":38,"column":64}},{"start":{"line":38,"column":64},"end":{"line":38,"column":81}},{"start":{"line":38,"column":81},"end":{"line":38,"column":null}}]}},"s":{"0":0,"1":0,"2":0,"3":0,"4":0,"5":0,"6":0,"7":0,"8":0,"9":0,"10":0},"f":{"0":0},"b":{"0":[0],"1":[0,0],"2":[0,0],"3":[0,0],"4":[0,0,0],"5":[0,0,0],"6":[0,0,0],"7":[0,0,0],"8":[0,0,0,0,0]}}
,"E:\\demo\\varian-validator\\src\\validator\\isPostalCode.ts": {"path":"E:\\demo\\varian-validator\\src\\validator\\isPostalCode.ts","statementMap":{"0":{"start":{"line":9,"column":2},"end":{"line":11,"column":null}},"1":{"start":{"line":10,"column":4},"end":{"line":10,"column":11}},"2":{"start":{"line":14,"column":21},"end":{"line":14,"column":null}},"3":{"start":{"line":15,"column":20},"end":{"line":15,"column":null}},"4":{"start":{"line":16,"column":20},"end":{"line":16,"column":null}},"5":{"start":{"line":17,"column":19},"end":{"line":17,"column":null}},"6":{"start":{"line":19,"column":19},"end":{"line":19,"column":8}},"7":{"start":{"line":85,"column":2},"end":{"line":99,"column":null}},"8":{"start":{"line":86,"column":4},"end":{"line":86,"column":11}},"9":{"start":{"line":87,"column":9},"end":{"line":99,"column":null}},"10":{"start":{"line":88,"column":4},"end":{"line":97,"column":null}},"11":{"start":{"line":91,"column":6},"end":{"line":96,"column":null}},"12":{"start":{"line":92,"column":24},"end":{"line":92,"column":33}},"13":{"start":{"line":93,"column":8},"end":{"line":95,"column":null}},"14":{"start":{"line":94,"column":10},"end":{"line":94,"column":17}},"15":{"start":{"line":98,"column":4},"end":{"line":98,"column":11}},"16":{"start":{"line":100,"column":2},"end":{"line":100,"column":8}}},"fnMap":{"0":{"name":"isPostalCode","decl":{"start":{"line":8,"column":24},"end":{"line":8,"column":37}},"loc":{"start":{"line":8,"column":63},"end":{"line":101,"column":null}}}},"branchMap":{"0":{"loc":{"start":{"line":9,"column":2},"end":{"line":11,"column":null}},"type":"if","locations":[{"start":{"line":9,"column":2},"end":{"line":11,"column":null}}]},"1":{"loc":{"start":{"line":85,"column":2},"end":{"line":99,"column":null}},"type":"if","locations":[{"start":{"line":85,"column":2},"end":{"line":99,"column":null}},{"start":{"line":87,"column":9},"end":{"line":99,"column":null}}]},"2":{"loc":{"start":{"line":87,"column":9},"end":{"line":99,"column":null}},"type":"if","locations":[{"start":{"line":87,"column":9},"end":{"line":99,"column":null}}]},"3":{"loc":{"start":{"line":91,"column":6},"end":{"line":96,"column":null}},"type":"if","locations":[{"start":{"line":91,"column":6},"end":{"line":96,"column":null}}]},"4":{"loc":{"start":{"line":93,"column":8},"end":{"line":95,"column":null}},"type":"if","locations":[{"start":{"line":93,"column":8},"end":{"line":95,"column":null}}]}},"s":{"0":0,"1":0,"2":0,"3":0,"4":0,"5":0,"6":0,"7":0,"8":0,"9":0,"10":0,"11":0,"12":0,"13":0,"14":0,"15":0,"16":0},"f":{"0":0},"b":{"0":[0],"1":[0,0],"2":[0],"3":[0],"4":[0]}}
,"E:\\demo\\varian-validator\\src\\validator\\isStrongPassword.ts": {"path":"E:\\demo\\varian-validator\\src\\validator\\isStrongPassword.ts","statementMap":{"0":{"start":{"line":7,"column":23},"end":{"line":7,"column":null}},"1":{"start":{"line":8,"column":23},"end":{"line":8,"column":null}},"2":{"start":{"line":9,"column":20},"end":{"line":9,"column":null}},"3":{"start":{"line":10,"column":20},"end":{"line":10,"column":null}},"4":{"start":{"line":27,"column":48},"end":{"line":27,"column":null}},"5":{"start":{"line":52,"column":15},"end":{"line":52,"column":null}},"6":{"start":{"line":53,"column":2},"end":{"line":53,"column":7}},"7":{"start":{"line":54,"column":17},"end":{"line":54,"column":24}},"8":{"start":{"line":55,"column":4},"end":{"line":59,"column":null}},"9":{"start":{"line":56,"column":6},"end":{"line":56,"column":12}},"10":{"start":{"line":58,"column":6},"end":{"line":58,"column":12}},"11":{"start":{"line":61,"column":2},"end":{"line":61,"column":9}},"12":{"start":{"line":75,"column":16},"end":{"line":75,"column":27}},"13":{"start":{"line":76,"column":32},"end":{"line":76,"column":6}},"14":{"start":{"line":84,"column":2},"end":{"line":84,"column":8}},"15":{"start":{"line":86,"column":4},"end":{"line":94,"column":null}},"16":{"start":{"line":87,"column":6},"end":{"line":87,"column":14}},"17":{"start":{"line":96,"column":2},"end":{"line":96,"column":9}},"18":{"start":{"line":100,"column":15},"end":{"line":100,"column":null}},"19":{"start":{"line":101,"column":2},"end":{"line":101,"column":8}},"20":{"start":{"line":102,"column":2},"end":{"line":102,"column":8}},"21":{"start":{"line":103,"column":2},"end":{"line":105,"column":null}},"22":{"start":{"line":104,"column":4},"end":{"line":104,"column":10}},"23":{"start":{"line":106,"column":2},"end":{"line":108,"column":null}},"24":{"start":{"line":107,"column":4},"end":{"line":107,"column":10}},"25":{"start":{"line":109,"column":2},"end":{"line":111,"column":null}},"26":{"start":{"line":110,"column":4},"end":{"line":110,"column":10}},"27":{"start":{"line":112,"column":2},"end":{"line":114,"column":null}},"28":{"start":{"line":113,"column":4},"end":{"line":113,"column":10}},"29":{"start":{"line":115,"column":2},"end":{"line":115,"column":9}},"30":{"start":{"line":125,"column":2},"end":{"line":127,"column":null}},"31":{"start":{"line":126,"column":4},"end":{"line":126,"column":11}},"32":{"start":{"line":128,"column":19},"end":{"line":128,"column":35}},"33":{"start":{"line":129,"column":47},"end":{"line":129,"column":8}},"34":{"start":{"line":133,"column":2},"end":{"line":135,"column":null}},"35":{"start":{"line":134,"column":4},"end":{"line":134,"column":11}},"36":{"start":{"line":136,"column":2},"end":{"line":136,"column":9}}},"fnMap":{"0":{"name":"countChars","decl":{"start":{"line":51,"column":9},"end":{"line":51,"column":20}},"loc":{"start":{"line":51,"column":33},"end":{"line":62,"column":null}}},"1":{"name":"(anonymous_67)","decl":{"start":{"line":53,"column":27},"end":{"line":53,"column":36}},"loc":{"start":{"line":53,"column":36},"end":{"line":53,"column":7}}},"2":{"name":"analyzePassword","decl":{"start":{"line":74,"column":9},"end":{"line":74,"column":25}},"loc":{"start":{"line":74,"column":43},"end":{"line":97,"column":null}}},"3":{"name":"(anonymous_69)","decl":{"start":{"line":84,"column":32},"end":{"line":84,"column":41}},"loc":{"start":{"line":84,"column":41},"end":{"line":84,"column":8}}},"4":{"name":"scorePassword","decl":{"start":{"line":99,"column":9},"end":{"line":99,"column":23}},"loc":{"start":{"line":99,"column":89},"end":{"line":116,"column":null}}},"5":{"name":"isStrongPassword","decl":{"start":{"line":124,"column":24},"end":{"line":124,"column":41}},"loc":{"start":{"line":124,"column":95},"end":{"line":141,"column":null}}}},"branchMap":{"0":{"loc":{"start":{"line":55,"column":4},"end":{"line":59,"column":null}},"type":"if","locations":[{"start":{"line":55,"column":4},"end":{"line":59,"column":null}},{"start":{"line":57,"column":11},"end":{"line":59,"column":null}}]},"1":{"loc":{"start":{"line":86,"column":4},"end":{"line":94,"column":null}},"type":"if","locations":[{"start":{"line":86,"column":4},"end":{"line":94,"column":null}}]},"2":{"loc":{"start":{"line":103,"column":2},"end":{"line":105,"column":null}},"type":"if","locations":[{"start":{"line":103,"column":2},"end":{"line":105,"column":null}}]},"3":{"loc":{"start":{"line":106,"column":2},"end":{"line":108,"column":null}},"type":"if","locations":[{"start":{"line":106,"column":2},"end":{"line":108,"column":null}}]},"4":{"loc":{"start":{"line":109,"column":2},"end":{"line":111,"column":null}},"type":"if","locations":[{"start":{"line":109,"column":2},"end":{"line":111,"column":null}}]},"5":{"loc":{"start":{"line":112,"column":2},"end":{"line":114,"column":null}},"type":"if","locations":[{"start":{"line":112,"column":2},"end":{"line":114,"column":null}}]},"6":{"loc":{"start":{"line":125,"column":2},"end":{"line":127,"column":null}},"type":"if","locations":[{"start":{"line":125,"column":2},"end":{"line":127,"column":null}}]},"7":{"loc":{"start":{"line":133,"column":2},"end":{"line":135,"column":null}},"type":"if","locations":[{"start":{"line":133,"column":2},"end":{"line":135,"column":null}}]},"8":{"loc":{"start":{"line":136,"column":9},"end":{"line":140,"column":null}},"type":"binary-expr","locations":[{"start":{"line":136,"column":9},"end":{"line":136,"column":null}},{"start":{"line":137,"column":7},"end":{"line":137,"column":null}},{"start":{"line":138,"column":7},"end":{"line":138,"column":null}},{"start":{"line":139,"column":7},"end":{"line":139,"column":null}},{"start":{"line":140,"column":7},"end":{"line":140,"column":null}}]}},"s":{"0":1,"1":1,"2":1,"3":1,"4":1,"5":0,"6":0,"7":0,"8":0,"9":0,"10":0,"11":0,"12":0,"13":0,"14":0,"15":0,"16":0,"17":0,"18":0,"19":0,"20":0,"21":0,"22":0,"23":0,"24":0,"25":0,"26":0,"27":0,"28":0,"29":0,"30":0,"31":0,"32":0,"33":0,"34":0,"35":0,"36":0},"f":{"0":0,"1":0,"2":0,"3":0,"4":0,"5":0},"b":{"0":[0,0],"1":[0],"2":[0],"3":[0],"4":[0],"5":[0],"6":[0],"7":[0],"8":[0,0,0,0,0]}}
,"E:\\demo\\varian-validator\\src\\validator\\isTaxpayerNo.ts": {"path":"E:\\demo\\varian-validator\\src\\validator\\isTaxpayerNo.ts","statementMap":{"0":{"start":{"line":7,"column":22},"end":{"line":13,"column":null}},"1":{"start":{"line":8,"column":14},"end":{"line":8,"column":null}},"2":{"start":{"line":9,"column":2},"end":{"line":11,"column":null}},"3":{"start":{"line":10,"column":4},"end":{"line":10,"column":11}},"4":{"start":{"line":12,"column":2},"end":{"line":12,"column":9}}},"fnMap":{"0":{"name":"(anonymous_72)","decl":{"start":{"line":7,"column":22},"end":{"line":7,"column":35}},"loc":{"start":{"line":7,"column":35},"end":{"line":13,"column":null}}}},"branchMap":{"0":{"loc":{"start":{"line":9,"column":2},"end":{"line":11,"column":null}},"type":"if","locations":[{"start":{"line":9,"column":2},"end":{"line":11,"column":null}}]}},"s":{"0":1,"1":0,"2":0,"3":0,"4":0},"f":{"0":0},"b":{"0":[0]}}
,"E:\\demo\\varian-validator\\src\\validator\\isURL.ts": {"path":"E:\\demo\\varian-validator\\src\\validator\\isURL.ts","statementMap":{"0":{"start":{"line":52,"column":55},"end":{"line":52,"column":8}},"1":{"start":{"line":67,"column":23},"end":{"line":67,"column":null}},"2":{"start":{"line":70,"column":4},"end":{"line":70,"column":11}},"3":{"start":{"line":74,"column":4},"end":{"line":80,"column":null}},"4":{"start":{"line":74,"column":17},"end":{"line":74,"column":20}},"5":{"start":{"line":75,"column":18},"end":{"line":75,"column":26}},"6":{"start":{"line":77,"column":6},"end":{"line":79,"column":null}},"7":{"start":{"line":78,"column":8},"end":{"line":78,"column":15}},"8":{"start":{"line":81,"column":4},"end":{"line":81,"column":11}},"9":{"start":{"line":84,"column":2},"end":{"line":86,"column":null}},"10":{"start":{"line":85,"column":4},"end":{"line":85,"column":11}},"11":{"start":{"line":87,"column":2},"end":{"line":89,"column":null}},"12":{"start":{"line":88,"column":4},"end":{"line":88,"column":11}},"13":{"start":{"line":90,"column":2},"end":{"line":92,"column":null}},"14":{"start":{"line":91,"column":4},"end":{"line":91,"column":11}},"15":{"start":{"line":93,"column":22},"end":{"line":93,"column":8}},"16":{"start":{"line":98,"column":2},"end":{"line":100,"column":null}},"17":{"start":{"line":99,"column":4},"end":{"line":99,"column":11}},"18":{"start":{"line":102,"column":2},"end":{"line":104,"column":null}},"19":{"start":{"line":103,"column":4},"end":{"line":103,"column":11}},"20":{"start":{"line":106,"column":2},"end":{"line":108,"column":null}},"21":{"start":{"line":107,"column":4},"end":{"line":107,"column":11}},"22":{"start":{"line":112,"column":2},"end":{"line":112,"column":7}},"23":{"start":{"line":113,"column":2},"end":{"line":113,"column":5}},"24":{"start":{"line":115,"column":2},"end":{"line":115,"column":7}},"25":{"start":{"line":116,"column":2},"end":{"line":116,"column":5}},"26":{"start":{"line":118,"column":2},"end":{"line":118,"column":7}},"27":{"start":{"line":119,"column":2},"end":{"line":131,"column":null}},"28":{"start":{"line":120,"column":4},"end":{"line":120,"column":12}},"29":{"start":{"line":121,"column":4},"end":{"line":123,"column":null}},"30":{"start":{"line":122,"column":6},"end":{"line":122,"column":13}},"31":{"start":{"line":124,"column":9},"end":{"line":131,"column":null}},"32":{"start":{"line":125,"column":4},"end":{"line":125,"column":11}},"33":{"start":{"line":126,"column":9},"end":{"line":131,"column":null}},"34":{"start":{"line":127,"column":4},"end":{"line":129,"column":null}},"35":{"start":{"line":128,"column":6},"end":{"line":128,"column":13}},"36":{"start":{"line":130,"column":4},"end":{"line":130,"column":9}},"37":{"start":{"line":132,"column":2},"end":{"line":132,"column":5}},"38":{"start":{"line":134,"column":2},"end":{"line":136,"column":null}},"39":{"start":{"line":135,"column":4},"end":{"line":135,"column":11}},"40":{"start":{"line":138,"column":2},"end":{"line":138,"column":7}},"41":{"start":{"line":139,"column":2},"end":{"line":139,"column":5}},"42":{"start":{"line":141,"column":2},"end":{"line":143,"column":null}},"43":{"start":{"line":142,"column":4},"end":{"line":142,"column":11}},"44":{"start":{"line":145,"column":2},"end":{"line":145,"column":7}},"45":{"start":{"line":146,"column":2},"end":{"line":161,"column":null}},"46":{"start":{"line":147,"column":4},"end":{"line":149,"column":null}},"47":{"start":{"line":148,"column":6},"end":{"line":148,"column":13}},"48":{"start":{"line":150,"column":4},"end":{"line":152,"column":null}},"49":{"start":{"line":151,"column":6},"end":{"line":151,"column":13}},"50":{"start":{"line":153,"column":4},"end":{"line":153,"column":8}},"51":{"start":{"line":154,"column":4},"end":{"line":156,"column":null}},"52":{"start":{"line":155,"column":6},"end":{"line":155,"column":13}},"53":{"start":{"line":157,"column":29},"end":{"line":157,"column":33}},"54":{"start":{"line":158,"column":4},"end":{"line":160,"column":null}},"55":{"start":{"line":159,"column":6},"end":{"line":159,"column":13}},"56":{"start":{"line":162,"column":2},"end":{"line":162,"column":10}},"57":{"start":{"line":164,"column":2},"end":{"line":164,"column":10}},"58":{"start":{"line":165,"column":2},"end":{"line":165,"column":6}},"59":{"start":{"line":166,"column":21},"end":{"line":166,"column":29}},"60":{"start":{"line":167,"column":2},"end":{"line":177,"column":null}},"61":{"start":{"line":168,"column":4},"end":{"line":168,"column":8}},"62":{"start":{"line":169,"column":4},"end":{"line":169,"column":8}},"63":{"start":{"line":170,"column":4},"end":{"line":170,"column":12}},"64":{"start":{"line":172,"column":4},"end":{"line":172,"column":9}},"65":{"start":{"line":173,"column":4},"end":{"line":173,"column":8}},"66":{"start":{"line":174,"column":4},"end":{"line":176,"column":null}},"67":{"start":{"line":175,"column":6},"end":{"line":175,"column":14}},"68":{"start":{"line":179,"column":2},"end":{"line":186,"column":null}},"69":{"start":{"line":180,"column":4},"end":{"line":180,"column":8}},"70":{"start":{"line":181,"column":4},"end":{"line":183,"column":null}},"71":{"start":{"line":182,"column":6},"end":{"line":182,"column":13}},"72":{"start":{"line":184,"column":9},"end":{"line":186,"column":null}},"73":{"start":{"line":185,"column":4},"end":{"line":185,"column":11}},"74":{"start":{"line":188,"column":2},"end":{"line":190,"column":null}},"75":{"start":{"line":189,"column":4},"end":{"line":189,"column":11}},"76":{"start":{"line":191,"column":2},"end":{"line":193,"column":null}},"77":{"start":{"line":192,"column":4},"end":{"line":192,"column":11}},"78":{"start":{"line":195,"column":2},"end":{"line":195,"column":6}},"79":{"start":{"line":197,"column":2},"end":{"line":197,"column":9}}},"fnMap":{"0":{"name":"isURL","decl":{"start":{"line":49,"column":24},"end":{"line":49,"column":30}},"loc":{"start":{"line":49,"column":83},"end":{"line":200,"column":null}}},"1":{"name":"isRegExp","decl":{"start":{"line":69,"column":11},"end":{"line":69,"column":20}},"loc":{"start":{"line":69,"column":42},"end":{"line":71,"column":null}}},"2":{"name":"checkHost","decl":{"start":{"line":73,"column":11},"end":{"line":73,"column":21}},"loc":{"start":{"line":73,"column":63},"end":{"line":82,"column":null}}}},"branchMap":{"0":{"loc":{"start":{"line":77,"column":6},"end":{"line":79,"column":null}},"type":"if","locations":[{"start":{"line":77,"column":6},"end":{"line":79,"column":null}}]},"1":{"loc":{"start":{"line":77,"column":9},"end":{"line":77,"column":52}},"type":"binary-expr","locations":[{"start":{"line":77,"column":9},"end":{"line":77,"column":28}},{"start":{"line":77,"column":28},"end":{"line":77,"column":37}},{"start":{"line":77,"column":47},"end":{"line":77,"column":52}}]},"2":{"loc":{"start":{"line":84,"column":2},"end":{"line":86,"column":null}},"type":"if","locations":[{"start":{"line":84,"column":2},"end":{"line":86,"column":null}}]},"3":{"loc":{"start":{"line":87,"column":2},"end":{"line":89,"column":null}},"type":"if","locations":[{"start":{"line":87,"column":2},"end":{"line":89,"column":null}}]},"4":{"loc":{"start":{"line":87,"column":5},"end":{"line":87,"column":22}},"type":"binary-expr","locations":[{"start":{"line":87,"column":5},"end":{"line":87,"column":13}},{"start":{"line":87,"column":13},"end":{"line":87,"column":22}}]},"5":{"loc":{"start":{"line":90,"column":2},"end":{"line":92,"column":null}},"type":"if","locations":[{"start":{"line":90,"column":2},"end":{"line":92,"column":null}}]},"6":{"loc":{"start":{"line":98,"column":2},"end":{"line":100,"column":null}},"type":"if","locations":[{"start":{"line":98,"column":2},"end":{"line":100,"column":null}}]},"7":{"loc":{"start":{"line":98,"column":5},"end":{"line":98,"column":52}},"type":"binary-expr","locations":[{"start":{"line":98,"column":5},"end":{"line":98,"column":32}},{"start":{"line":98,"column":32},"end":{"line":98,"column":52}}]},"8":{"loc":{"start":{"line":102,"column":2},"end":{"line":104,"column":null}},"type":"if","locations":[{"start":{"line":102,"column":2},"end":{"line":104,"column":null}}]},"9":{"loc":{"start":{"line":102,"column":5},"end":{"line":102,"column":36}},"type":"binary-expr","locations":[{"start":{"line":102,"column":5},"end":{"line":102,"column":33}},{"start":{"line":102,"column":33},"end":{"line":102,"column":36}}]},"10":{"loc":{"start":{"line":106,"column":2},"end":{"line":108,"column":null}},"type":"if","locations":[{"start":{"line":106,"column":2},"end":{"line":108,"column":null}}]},"11":{"loc":{"start":{"line":106,"column":5},"end":{"line":106,"column":6}},"type":"binary-expr","locations":[{"start":{"line":106,"column":5},"end":{"line":106,"column":41}},{"start":{"line":106,"column":41},"end":{"line":106,"column":44}},{"start":{"line":106,"column":62},"end":{"line":106,"column":65}}]},"12":{"loc":{"start":{"line":119,"column":2},"end":{"line":131,"column":null}},"type":"if","locations":[{"start":{"line":119,"column":2},"end":{"line":131,"column":null}},{"start":{"line":124,"column":9},"end":{"line":131,"column":null}}]},"13":{"loc":{"start":{"line":121,"column":4},"end":{"line":123,"column":null}},"type":"if","locations":[{"start":{"line":121,"column":4},"end":{"line":123,"column":null}}]},"14":{"loc":{"start":{"line":121,"column":7},"end":{"line":121,"column":93}},"type":"binary-expr","locations":[{"start":{"line":121,"column":7},"end":{"line":121,"column"
[...]
"column":5}},"6":{"start":{"line":85,"column":2},"end":{"line":85,"column":9}},"7":{"start":{"line":89,"column":2},"end":{"line":89,"column":9}},"8":{"start":{"line":91,"column":2},"end":{"line":96,"column":null}},"9":{"start":{"line":92,"column":4},"end":{"line":92,"column":11}},"10":{"start":{"line":98,"column":14},"end":{"line":98,"column":null}},"11":{"start":{"line":99,"column":2},"end":{"line":104,"column":null}},"12":{"start":{"line":100,"column":4},"end":{"line":100,"column":11}},"13":{"start":{"line":107,"column":2},"end":{"line":109,"column":null}},"14":{"start":{"line":108,"column":4},"end":{"line":108,"column":7}},"15":{"start":{"line":112,"column":2},"end":{"line":114,"column":null}},"16":{"start":{"line":113,"column":4},"end":{"line":113,"column":7}},"17":{"start":{"line":116,"column":16},"end":{"line":116,"column":19}},"18":{"start":{"line":117,"column":2},"end":{"line":117,"column":9}},"19":{"start":{"line":118,"column":19},"end":{"line":118,"column":null}},"20":{"start":{"line":119,"column":19},"end":{"line":119,"column":null}},"21":{"start":{"line":120,"column":2},"end":{"line":163,"column":null}},"22":{"start":{"line":122,"column":4},"end":{"line":128,"column":null}},"23":{"start":{"line":124,"column":6},"end":{"line":124,"column":13}},"24":{"start":{"line":130,"column":4},"end":{"line":135,"column":null}},"25":{"start":{"line":131,"column":6},"end":{"line":131,"column":13}},"26":{"start":{"line":137,"column":16},"end":{"line":137,"column":22}},"27":{"start":{"line":139,"column":4},"end":{"line":144,"column":null}},"28":{"start":{"line":140,"column":6},"end":{"line":140,"column":13}},"29":{"start":{"line":146,"column":4},"end":{"line":155,"column":null}},"30":{"start":{"line":151,"column":6},"end":{"line":151,"column":13}},"31":{"start":{"line":157,"column":4},"end":{"line":162,"column":null}},"32":{"start":{"line":158,"column":6},"end":{"line":158,"column":13}},"33":{"start":{"line":164,"column":2},"end":{"line":211,"column":null}},"34":{"start":{"line":164,"column":15},"end":{"line":164,"column":18}},"35":{"start":{"line":165,"column":18},"end":{"line":165,"column":24}},"36":{"start":{"line":166,"column":4},"end":{"line":166,"column":11}},"37":{"start":{"line":167,"column":4},"end":{"line":172,"column":null}},"38":{"start":{"line":168,"column":6},"end":{"line":168,"column":13}},"39":{"start":{"line":174,"column":4},"end":{"line":179,"column":null}},"40":{"start":{"line":175,"column":6},"end":{"line":175,"column":13}},"41":{"start":{"line":182,"column":4},"end":{"line":187,"column":null}},"42":{"start":{"line":183,"column":6},"end":{"line":183,"column":13}},"43":{"start":{"line":190,"column":4},"end":{"line":195,"column":null}},"44":{"start":{"line":191,"column":6},"end":{"line":191,"column":13}},"45":{"start":{"line":197,"column":4},"end":{"line":202,"column":null}},"46":{"start":{"line":198,"column":6},"end":{"line":198,"column":13}},"47":{"start":{"line":205,"column":4},"end":{"line":210,"column":null}},"48":{"start":{"line":206,"column":6},"end":{"line":206,"column":13}},"49":{"start":{"line":212,"column":2},"end":{"line":212,"column":9}}},"fnMap":{"0":{"name":"isFQDN","decl":{"start":{"line":70,"column":24},"end":{"line":70,"column":null}},"loc":{"start":{"line":74,"column":13},"end":{"line":216,"column":null}}}},"branchMap":{"0":{"loc":{"start":{"line":72,"column":2},"end":{"line":72,"column":null}},"type":"default-arg","locations":[{"start":{"line":72,"column":35},"end":{"line":72,"column":null}}]},"1":{"loc":{"start":{"line":76,"column":2},"end":{"line":81,"column":null}},"type":"if","locations":[{"start":{"line":76,"column":2},"end":{"line":81,"column":null}}]},"2":{"loc":{"start":{"line":91,"column":2},"end":{"line":96,"column":null}},"type":"if","locations":[{"start":{"line":91,"column":2},"end":{"line":96,"column":null}}]},"3":{"loc":{"start":{"line":99,"column":2},"end":{"line":104,"column":null}},"type":"if","locations":[{"start":{"line":99,"column":2},"end":{"line":104,"column":null}}]},"4":{"loc":{"start":{"line":107,"column":2},"end":{"line":109,"column":null}},"type":"if","locations":[{"start":{"line":107,"column":2},"end":{"line":109,"column":null}}]},"5":{"loc":{"start":{"line":107,"column":5},"end":{"line":107,"column":57}},"type":"binary-expr","locations":[{"start":{"line":107,"column":5},"end":{"line":107,"column":35}},{"start":{"line":107,"column":35},"end":{"line":107,"column":57}}]},"6":{"loc":{"start":{"line":112,"column":2},"end":{"line":114,"column":null}},"type":"if","locations":[{"start":{"line":112,"column":2},"end":{"line":114,"column":null}}]},"7":{"loc":{"start":{"line":112,"column":5},"end":{"line":112,"column":56}},"type":"binary-expr","locations":[{"start":{"line":112,"column":5},"end":{"line":112,"column":31}},{"start":{"line":112,"column":31},"end":{"line":112,"column":56}}]},"8":{"loc":{"start":{"line":120,"column":2},"end":{"line":163,"column":null}},"type":"if","locations":[{"start":{"line":120,"column":2},"end":{"line":163,"column":null}},{"start":{"line":156,"column":9},"end":{"line":163,"column":null}}]},"9":{"loc":{"start":{"line":122,"column":4},"end":{"line":128,"column":null}},"type":"if","locations":[{"start":{"line":122,"column":4},"end":{"line":128,"column":null}}]},"10":{"loc":{"start":{"line":130,"column":4},"end":{"line":135,"column":null}},"type":"if","locations":[{"start":{"line":130,"column":4},"end":{"line":135,"column":null}}]},"11":{"loc":{"start":{"line":139,"column":4},"end":{"line":144,"column":null}},"type":"if","locations":[{"start":{"line":139,"column":4},"end":{"line":144,"column":null}}]},"12":{"loc":{"start":{"line":139,"column":7},"end":{"line":139,"column":45}},"type":"binary-expr","locations":[{"start":{"line":139,"column":7},"end":{"line":139,"column":37}},{"start":{"line":139,"column":37},"end":{"line":139,"column":45}}]},"13":{"loc":{"start":{"line":146,"column":4},"end":{"line":155,"column":null}},"type":"if","locations":[{"start":{"line":146,"column":4},"end":{"line":155,"column":null}}]},"14":{"loc":{"start":{"line":157,"column":4},"end":{"line":162,"column":null}},"type":"if","locations":[{"start":{"line":157,"column":4},"end":{"line":162,"column":null}}]},"15":{"loc":{"start":{"line":167,"column":4},"end":{"line":172,"column":null}},"type":"if","locations":[{"start":{"line":167,"column":4},"end":{"line":172,"column":null}}]},"16":{"loc":{"start":{"line":174,"column":4},"end":{"line":179,"column":null}},"type":"if","locations":[{"start":{"line":174,"column":4},"end":{"line":179,"column":null}}]},"17":{"loc":{"start":{"line":182,"column":4},"end":{"line":187,"column":null}},"type":"if","locations":[{"start":{"line":182,"column":4},"end":{"line":187,"column":null}}]},"18":{"loc":{"start":{"line":190,"column":4},"end":{"line":195,"column":null}},"type":"if","locations":[{"start":{"line":190,"column":4},"end":{"line":195,"column":null}}]},"19":{"loc":{"start":{"line":197,"column":4},"end":{"line":202,"column":null}},"type":"if","locations":[{"start":{"line":197,"column":4},"end":{"line":202,"column":null}}]},"20":{"loc":{"start":{"line":197,"column":7},"end":{"line":197,"column":41}},"type":"binary-expr","locations":[{"start":{"line":197,"column":7},"end":{"line":197,"column":37}},{"start":{"line":197,"column":37},"end":{"line":197,"column":41}}]},"21":{"loc":{"start":{"line":205,"column":4},"end":{"line":210,"column":null}},"type":"if","locations":[{"start":{"line":205,"column":4},"end":{"line":210,"column":null}}]}},"s":{"0":1,"1":1,"2":12,"3":12,"4":1,"5":11,"6":11,"7":11,"8":11,"9":1,"10":10,"11":10,"12":0,"13":10,"14":0,"15":10,"16":0,"17":10,"18":10,"19":10,"20":10,"21":10,"22":10,"23":1,"24":9,"25":0,"26":9,"27":9,"28":1,"29":8,"30":2,"31":0,"32":0,"33":6,"34":6,"35":8,"36":8,"37":8,"38":0,"39":8,"40":4,"41":4,"42":0,"43":4,"44":0,"45":4,"46":0,"47":4,"48":0,"49":2},"f":{"0":12},"b":{"0":[12],"1":[1],"2":[1],"3":[0],"4":[0],"5":[10,0],"6":[0],"7":[10,0],"8":[10,0],"9":[1],"10":[0],"11":[1],"12":[9,9],"13":[2],"14":[0],"15":[0],"16":[4],"17":[0],"18":[0],"19":[0],"20":[4,0],"21":[0]}}
,"E:\\demo\\varian-validator\\src\\validator\\http\\isPort.ts": {"path":"E:\\demo\\varian-validator\\src\\validator\\http\\isPort.ts","statementMap":{"0":{"start":{"line":6,"column":16},"end":{"line":8,"column":null}},"1":{"start":{"line":7,"column":2},"end":{"line":7,"column":9}}},"fnMap":{"0":{"name":"(anonymous_10)","decl":{"start":{"line":6,"column":16},"end":{"line":6,"column":29}},"loc":{"start":{"line":6,"column":29},"end":{"line":8,"column":null}}}},"branchMap":{},"s":{"0":1,"1":0},"f":{"0":0},"b":{}}
,"E:\\demo\\varian-validator\\src\\validator\\rr\\isA.ts": {"path":"E:\\demo\\varian-validator\\src\\validator\\rr\\isA.ts","statementMap":{"0":{"start":{"line":12,"column":13},"end":{"line":15,"column":null}},"1":{"start":{"line":13,"column":2},"end":{"line":13,"column":9}}},"fnMap":{"0":{"name":"(anonymous_17)","decl":{"start":{"line":12,"column":13},"end":{"line":12,"column":29}},"loc":{"start":{"line":12,"column":29},"end":{"line":15,"column":null}}}},"branchMap":{},"s":{"0":1,"1":0},"f":{"0":0},"b":{}}
,"E:\\demo\\varian-validator\\src\\validator\\rr\\isAAAA.ts": {"path":"E:\\demo\\varian-validator\\src\\validator\\rr\\isAAAA.ts","statementMap":{"0":{"start":{"line":12,"column":16},"end":{"line":15,"column":null}},"1":{"start":{"line":13,"column":2},"end":{"line":13,"column":9}}},"fnMap":{"0":{"name":"(anonymous_18)","decl":{"start":{"line":12,"column":16},"end":{"line":12,"column":32}},"loc":{"start":{"line":12,"column":32},"end":{"line":15,"column":null}}}},"branchMap":{},"s":{"0":1,"1":0},"f":{"0":0},"b":{}}
,"E:\\demo\\varian-validator\\src\\validator\\rr\\isCAA.ts": {"path":"E:\\demo\\varian-validator\\src\\validator\\rr\\isCAA.ts","statementMap":{"0":{"start":{"line":18,"column":15},"end":{"line":28,"column":null}},"1":{"start":{"line":19,"column":24},"end":{"line":19,"column":null}},"2":{"start":{"line":20,"column":18},"end":{"line":20,"column":19}},"3":{"start":{"line":21,"column":17},"end":{"line":21,"column":35}},"4":{"start":{"line":22,"column":2},"end":{"line":22,"column":null}}},"fnMap":{"0":{"name":"(anonymous_15)","decl":{"start":{"line":18,"column":15},"end":{"line":18,"column":28}},"loc":{"start":{"line":18,"column":28},"end":{"line":28,"column":null}}}},"branchMap":{"0":{"loc":{"start":{"line":23,"column":4},"end":{"line":26,"column":17}},"type":"binary-expr","locations":[{"start":{"line":23,"column":4},"end":{"line":23,"column":null}},{"start":{"line":24,"column":4},"end":{"line":24,"column":14}},{"start":{"line":25,"column":4},"end":{"line":25,"column":null}},{"start":{"line":26,"column":4},"end":{"line":26,"column":17}}]}},"s":{"0":1,"1":0,"2":0,"3":0,"4":0},"f":{"0":0},"b":{"0":[0,0,0,0]}}
,"E:\\demo\\varian-validator\\src\\validator\\rr\\isCNAME.ts": {"path":"E:\\demo\\varian-validator\\src\\validator\\rr\\isCNAME.ts","statementMap":{"0":{"start":{"line":13,"column":17},"end":{"line":15,"column":null}},"1":{"start":{"line":14,"column":2},"end":{"line":14,"column":9}}},"fnMap":{"0":{"name":"(anonymous_19)","decl":{"start":{"line":13,"column":17},"end":{"line":13,"column":33}},"loc":{"start":{"line":13,"column":33},"end":{"line":15,"column":null}}}},"branchMap":{},"s":{"0":1,"1":0},"f":{"0":0},"b":{}}
,"E:\\demo\\varian-validator\\src\\validator\\rr\\isHost.ts": {"path":"E:\\demo\\varian-validator\\src\\validator\\rr\\isHost.ts","statementMap":{"0":{"start":{"line":6,"column":16},"end":{"line":23,"column":null}},"1":{"start":{"line":7,"column":23},"end":{"line":7,"column":null}},"2":{"start":{"line":8,"column":2},"end":{"line":8,"column":null}}},"fnMap":{"0":{"name":"(anonymous_22)","decl":{"start":{"line":6,"column":16},"end":{"line":6,"column":32}},"loc":{"start":{"line":6,"column":32},"end":{"line":23,"column":null}}}},"branchMap":{"0":{"loc":{"start":{"line":9,"column":4},"end":{"line":10,"column":11}},"type":"binary-expr","locations":[{"start":{"line":9,"column":4},"end":{"line":9,"column":null}},{"start":{"line":10,"column":4},"end":{"line":10,"column":11}}]}},"s":{"0":1,"1":0,"2":0},"f":{"0":0},"b":{"0":[0,0]}}
,"E:\\demo\\varian-validator\\src\\validator\\rr\\isMX.ts": {"path":"E:\\demo\\varian-validator\\src\\validator\\rr\\isMX.ts","statementMap":{"0":{"start":{"line":13,"column":14},"end":{"line":20,"column":null}},"1":{"start":{"line":14,"column":2},"end":{"line":16,"column":null}},"2":{"start":{"line":15,"column":4},"end":{"line":15,"column":11}},"3":{"start":{"line":18,"column":2},"end":{"line":18,"column":9}}},"fnMap":{"0":{"name":"(anonymous_11)","decl":{"start":{"line":13,"column":14},"end":{"line":13,"column":30}},"loc":{"start":{"line":13,"column":30},"end":{"line":20,"column":null}}}},"branchMap":{"0":{"loc":{"start":{"line":14,"column":2},"end":{"line":16,"column":null}},"type":"if","locations":[{"start":{"line":14,"column":2},"end":{"line":16,"column":null}}]}},"s":{"0":1,"1":0,"2":0,"3":0},"f":{"0":0},"b":{"0":[0]}}
,"E:\\demo\\varian-validator\\src\\validator\\rr\\isNS.ts": {"path":"E:\\demo\\varian-validator\\src\\validator\\rr\\isNS.ts","statementMap":{"0":{"start":{"line":13,"column":14},"end":{"line":15,"column":null}},"1":{"start":{"line":14,"column":2},"end":{"line":14,"column":9}}},"fnMap":{"0":{"name":"(anonymous_13)","decl":{"start":{"line":13,"column":14},"end":{"line":13,"column":30}},"loc":{"start":{"line":13,"column":30},"end":{"line":15,"column":null}}}},"branchMap":{},"s":{"0":1,"1":0},"f":{"0":0},"b":{}}
,"E:\\demo\\varian-validator\\src\\validator\\rr\\isRdata.ts": {"path":"E:\\demo\\varian-validator\\src\\validator\\rr\\isRdata.ts","statementMap":{"0":{"start":{"line":15,"column":18},"end":{"line":15,"column":null}},"1":{"start":{"line":31,"column":23},"end":{"line":55,"column":null}},"2":{"start":{"line":32,"column":2},"end":{"line":34,"column":null}},"3":{"start":{"line":33,"column":4},"end":{"line":33,"column":11}},"4":{"start":{"line":35,"column":2},"end":{"line":35,"column":10}},"5":{"start":{"line":37,"column":6},"end":{"line":37,"column":13}},"6":{"start":{"line":39,"column":6},"end":{"line":39,"column":13}},"7":{"start":{"line":41,"column":6},"end":{"line":41,"column":13}},"8":{"start":{"line":43,"column":6},"end":{"line":43,"column":13}},"9":{"start":{"line":45,"column":6},"end":{"line":45,"column":13}},"10":{"start":{"line":47,"column":6},"end":{"line":47,"column":13}},"11":{"start":{"line":49,"column":6},"end":{"line":49,"column":13}},"12":{"start":{"line":51,"column":6},"end":{"line":51,"column":13}},"13":{"start":{"line":53,"column":6},"end":{"line":53,"column":13}}},"fnMap":{"0":{"name":"(anonymous_20)","decl":{"start":{"line":15,"column":18},"end":{"line":15,"column":null}},"loc":{"start":{"line":15,"column":18},"end":{"line":15,"column":null}}},"1":{"name":"(anonymous_21)","decl":{"start":{"line":31,"column":23},"end":{"line":31,"column":24}},"loc":{"start":{"line":31,"column":61},"end":{"line":55,"column":null}}}},"branchMap":{"0":{"loc":{"start":{"line":15,"column":18},"end":{"line":15,"column":null}},"type":"binary-expr","locations":[{"start":{"line":15,"column":18},"end":{"line":15,"column":null}},{"start":{"line":15,"column":18},"end":{"line":15,"column":null}}]},"1":{"loc":{"start":{"line":32,"column":2},"end":{"line":34,"column":null}},"type":"if","locations":[{"start":{"line":32,"column":2},"end":{"line":34,"column":null}}]},"2":{"loc":{"start":{"line":35,"column":2},"end":{"line":35,"column":10}},"type":"switch","locations":[{"start":{"line":36,"column":4},"end":{"line":37,"column":13}},{"start":{"line":38,"column":4},"end":{"line":39,"column":13}},{"start":{"line":40,"column":4},"end":{"line":41,"column":13}},{"start":{"line":42,"column":4},"end":{"line":43,"column":13}},{"start":{"line":44,"column":4},"end":{"line":45,"column":13}},{"start":{"line":46,"column":4},"end":{"line":47,"column":13}},{"start":{"line":48,"column":4},"end":{"line":49,"column":13}},{"start":{"line":50,"column":4},"end":{"line":51,"column":13}},{"start":{"line":52,"column":4},"end":{"line":53,"column":13}}]}},"s":{"0":10,"1":1,"2":0,"3":0,"4":0,"5":0,"6":0,"7":0,"8":0,"9":0,"10":0,"11":0,"12":0,"13":0},"f":{"0":1,"1":0},"b":{"0":[1,1],"1":[0],"2":[0,0,0,0,0,0,0,0,0]}}
,"E:\\demo\\varian-validator\\src\\validator\\rr\\isSRV.ts": {"path":"E:\\demo\\varian-validator\\src\\validator\\rr\\isSRV.ts","statementMap":{"0":{"start":{"line":18,"column":15},"end":{"line":27,"column":null}},"1":{"start":{"line":19,"column":17},"end":{"line":19,"column":35}},"2":{"start":{"line":20,"column":2},"end":{"line":20,"column":null}}},"fnMap":{"0":{"name":"(anonymous_16)","decl":{"start":{"line":18,"column":15},"end":{"line":18,"column":31}},"loc":{"start":{"line":18,"column":31},"end":{"line":27,"column":null}}}},"branchMap":{"0":{"loc":{"start":{"line":21,"column":4},"end":{"line":25,"column":13}},"type":"binary-expr","locations":[{"start":{"line":21,"column":4},"end":{"line":21,"column":null}},{"start":{"line":22,"column":4},"end":{"line":22,"column":14}},{"start":{"line":23,"column":4},"end":{"line":23,"column":14}},{"start":{"line":24,"column":4},"end":{"line":24,"column":11}},{"start":{"line":25,"column":4},"end":{"line":25,"column":13}}]}},"s":{"0":1,"1":0,"2":0},"f":{"0":0},"b":{"0":[0,0,0,0,0]}}
,"E:\\demo\\varian-validator\\src\\validator\\rr\\isTTL.ts": {"path":"E:\\demo\\varian-validator\\src\\validator\\rr\\isTTL.ts","statementMap":{"0":{"start":{"line":11,"column":14},"end":{"line":21,"column":null}},"1":{"start":{"line":12,"column":2},"end":{"line":14,"column":null}},"2":{"start":{"line":13,"column":4},"end":{"line":13,"column":11}},"3":{"start":{"line":16,"column":2},"end":{"line":19,"column":null}},"4":{"start":{"line":17,"column":14},"end":{"line":17,"column":21}},"5":{"start":{"line":18,"column":4},"end":{"line":18,"column":11}},"6":{"start":{"line":20,"column":2},"end":{"line":20,"column":9}}},"fnMap":{"0":{"name":"(anonymous_23)","decl":{"start":{"line":11,"column":14},"end":{"line":11,"column":15}},"loc":{"start":{"line":11,"column":55},"end":{"line":21,"column":null}}}},"branchMap":{"0":{"loc":{"start":{"line":12,"column":2},"end":{"line":14,"column":null}},"type":"if","locations":[{"start":{"line":12,"column":2},"end":{"line":14,"column":null}}]},"1":{"loc":{"start":{"line":16,"column":2},"end":{"line":19,"column":null}},"type":"if","locations":[{"start":{"line":16,"column":2},"end":{"line":19,"column":null}}]},"2":{"loc":{"start":{"line":18,"column":11},"end":{"line":18,"column":null}},"type":"binary-expr","locations":[{"start":{"line":18,"column":11},"end":{"line":18,"column":22}},{"start":{"line":18,"column":22},"end":{"line":18,"column":null}}]}},"s":{"0":1,"1":0,"2":0,"3":0,"4":0,"5":0,"6":0},"f":{"0":0},"b":{"0":[0],"1":[0],"2":[0,0]}}
,"E:\\demo\\varian-validator\\src\\validator\\rr\\isTXT.ts": {"path":"E:\\demo\\varian-validator\\src\\validator\\rr\\isTXT.ts","statementMap":{"0":{"start":{"line":15,"column":15},"end":{"line":17,"column":null}},"1":{"start":{"line":16,"column":2},"end":{"line":16,"column":9}}},"fnMap":{"0":{"name":"(anonymous_12)","decl":{"start":{"line":15,"column":15},"end":{"line":15,"column":31}},"loc":{"start":{"line":15,"column":31},"end":{"line":17,"column":null}}}},"branchMap":{},"s":{"0":1,"1":0},"f":{"0":0},"b":{}}
,"E:\\demo\\varian-validator\\src\\validator\\rr\\isZone.ts": {"path":"E:\\demo\\varian-validator\\src\\validator\\rr\\isZone.ts","statementMap":{"0":{"start":{"line":4,"column":16},"end":{"line":7,"column":null}},"1":{"start":{"line":5,"column":19},"end":{"line":5,"column":null}},"2":{"start":{"line":6,"column":2},"end":{"line":6,"column":9}}},"fnMap":{"0":{"name":"(anonymous_24)","decl":{"start":{"line":4,"column":16},"end":{"line":4,"column":32}},"loc":{"start":{"line":4,"column":32},"end":{"line":7,"column":null}}}},"branchMap":{"0":{"loc":{"start":{"line":6,"column":9},"end":{"line":6,"column":38}},"type":"binary-expr","locations":[{"start":{"line":6,"column":9},"end":{"line":6,"column":29}},{"start":{"line":6,"column":29},"end":{"line":6,"column":38}}]}},"s":{"0":1,"1":0,"2":0},"f":{"0":0},"b":{"0":[0,0]}}
}
