{"E:\\demo\\varian-validator\\src\\lib\\isNumber.ts": {"path":"E:\\demo\\varian-validator\\src\\lib\\isNumber.ts","statementMap":{"0":{"start":{"line":7,"column":17},"end":{"line":29,"column":1}},"1":{"start":{"line":11,"column":2},"end":{"line":13,"column":3}},"2":{"start":{"line":12,"column":4},"end":{"line":12,"column":40}},"3":{"start":{"line":14,"column":2},"end":{"line":28,"column":3}},"4":{"start":{"line":20,"column":4},"end":{"line":20,"column":17}},"5":{"start":{"line":22,"column":4},"end":{"line":22,"column":32}},"6":{"start":{"line":23,"column":4},"end":{"line":27,"column":5}},"7":{"start":{"line":24,"column":6},"end":{"line":24,"column":27}},"8":{"start":{"line":26,"column":6},"end":{"line":26,"column":18}}},"fnMap":{"0":{"name":"(anonymous_0)","decl":{"start":{"line":7,"column":17},"end":{"line":7,"column":18}},"loc":{"start":{"line":7,"column":57},"end":{"line":29,"column":1}},"line":7}},"branchMap":{"0":{"loc":{"start":{"line":7,"column":31},"end":{"line":7,"column":52}},"type":"default-arg","locations":[{"start":{"line":7,"column":47},"end":{"line":7,"column":52}}],"line":7},"1":{"loc":{"start":{"line":11,"column":2},"end":{"line":13,"column":3}},"type":"if","locations":[{"start":{"line":11,"column":2},"end":{"line":13,"column":3}},{"start":{},"end":{}}],"line":11},"2":{"loc":{"start":{"line":14,"column":2},"end":{"line":28,"column":3}},"type":"if","locations":[{"start":{"line":14,"column":2},"end":{"line":28,"column":3}},{"start":{"line":21,"column":9},"end":{"line":28,"column":3}}],"line":14},"3":{"loc":{"start":{"line":15,"column":4},"end":{"line":18,"column":31}},"type":"binary-expr","locations":[{"start":{"line":15,"column":4},"end":{"line":15,"column":17}},{"start":{"line":16,"column":4},"end":{"line":16,"column":17}},{"start":{"line":17,"column":4},"end":{"line":17,"column":30}},{"start":{"line":18,"column":4},"end":{"line":18,"column":31}}],"line":15},"4":{"loc":{"start":{"line":23,"column":4},"end":{"line":27,"column":5}},"type":"if","locations":[{"start":{"line":23,"column":4},"end":{"line":27,"column":5}},{"start":{"line":25,"column":11},"end":{"line":27,"column":5}}],"line":23}},"s":{"0":1,"1":14,"2":5,"3":14,"4":8,"5":6,"6":6,"7":2,"8":4},"f":{"0":14},"b":{"0":[13],"1":[5,9],"2":[8,6],"3":[14,11,10,8],"4":[2,4]},"_coverageSchema":"1a1c01bbd47fc00a2c39e90264f33305004495a9","hash":"9459c3bef167965566e798410d8dc5732540934d"}
}
