TN:
SF:src\utils\filterStringSpace.ts
FN:10,(anonymous_5)
FNF:1
FNH:1
FNDA:11,(anonymous_5)
DA:10,1
DA:14,11
DA:16,0
DA:18,11
DA:20,11
DA:21,11
DA:23,0
LF:7
LH:5
BRDA:14,0,0,0
BRDA:20,1,0,11
BRF:2
BRH:1
end_of_record
TN:
SF:src\utils\isNumber.ts
FN:7,(anonymous_8)
FNF:1
FNH:0
FNDA:0,(anonymous_8)
DA:7,1
DA:11,0
DA:12,0
DA:14,0
DA:20,0
DA:22,0
DA:23,0
DA:24,0
DA:26,0
LF:9
LH:1
BRDA:7,0,0,0
BRDA:11,1,0,0
BRDA:14,2,0,0
BRDA:14,2,1,0
BRDA:15,3,0,0
BRDA:15,3,1,0
BRDA:15,3,2,0
BRDA:15,3,3,0
BRDA:23,4,0,0
BRDA:23,4,1,0
BRF:10
BRH:0
end_of_record
TN:
SF:src\utils\isValidParamsTypes.ts
FN:10,(anonymous_26)
FNF:1
FNH:0
FNDA:0,(anonymous_26)
DA:10,1
DA:11,0
DA:12,0
DA:13,0
DA:15,0
LF:5
LH:1
BRDA:12,0,0,0
BRDA:15,1,0,0
BRDA:15,1,1,0
BRF:3
BRH:0
end_of_record
TN:
SF:src\utils\setErrorCodeLang.ts
FN:4,(anonymous_3)
FN:12,(anonymous_4)
FNF:2
FNH:2
FNDA:1,(anonymous_3)
FNDA:12,(anonymous_4)
DA:4,3
DA:12,1
DA:13,12
DA:14,0
DA:16,12
LF:5
LH:4
BRDA:4,0,0,1
BRDA:4,0,1,1
BRDA:12,1,0,12
BRDA:13,2,0,0
BRF:4
BRH:3
end_of_record
TN:
SF:src\utils\utilStringToArray.ts
FN:5,(anonymous_14)
FNF:1
FNH:0
FNDA:0,(anonymous_14)
DA:5,1
DA:6,0
DA:7,0
DA:8,0
DA:10,0
LF:5
LH:1
BRDA:6,0,0,0
BRDA:8,1,0,0
BRDA:8,1,1,0
BRF:3
BRH:0
end_of_record
TN:
SF:src\utils\utilToString.ts
FN:4,(anonymous_63)
FNF:1
FNH:0
FNDA:0,(anonymous_63)
DA:4,1
DA:5,0
DA:6,0
DA:7,0
DA:9,0
DA:11,0
DA:12,0
DA:14,0
LF:8
LH:1
BRDA:5,0,0,0
BRDA:5,0,1,0
BRDA:5,1,0,0
BRDA:5,1,1,0
BRDA:6,2,0,0
BRDA:6,2,1,0
BRDA:11,3,0,0
BRDA:11,4,0,0
BRDA:11,4,1,0
BRDA:11,4,2,0
BRDA:11,4,3,0
BRF:11
BRH:0
end_of_record
TN:
SF:src\utils\utilTypeOf.ts
FN:17,(anonymous_25)
FNF:1
FNH:0
FNDA:0,(anonymous_25)
DA:17,1
DA:18,0
DA:19,0
DA:21,0
LF:4
LH:1
BRF:0
BRH:0
end_of_record
TN:
SF:src\validator\IsBankCard.ts
FN:9,(anonymous_27)
FNF:1
FNH:0
FNDA:0,(anonymous_27)
DA:9,1
DA:11,0
DA:12,0
DA:13,0
DA:15,0
LF:5
LH:1
BRDA:12,0,0,0
BRF:1
BRH:0
end_of_record
TN:
SF:src\validator\isBooleanTrue.ts
FN:9,(anonymous_28)
FNF:1
FNH:0
FNDA:0,(anonymous_28)
DA:9,1
DA:10,0
DA:11,0
DA:12,0
DA:15,0
DA:16,0
DA:19,0
DA:20,0
DA:21,0
LF:9
LH:1
BRDA:9,0,0,0
BRDA:11,1,0,0
BRDA:15,2,0,0
BRDA:19,3,0,0
BRF:4
BRH:0
end_of_record
TN:
SF:src\validator\isByteLength.ts
FN:11,isByteLength
FNF:1
FNH:0
FNDA:0,isByteLength
DA:12,0
DA:13,0
DA:15,0
DA:18,0
DA:19,0
DA:20,0
DA:23,0
DA:24,0
DA:26,0
DA:27,0
LF:10
LH:0
BRDA:12,0,0,0
BRDA:18,1,0,0
BRDA:18,1,1,0
BRDA:19,2,0,0
BRDA:19,2,1,0
BRDA:27,3,0,0
BRDA:27,3,1,0
BRDA:27,3,2,0
BRF:8
BRH:0
end_of_record
TN:
SF:src\validator\isCellPhone.ts
FN:6,(anonymous_30)
FNF:1
FNH:0
FNDA:0,(anonymous_30)
DA:6,1
DA:7,0
DA:8,0
DA:9,0
DA:11,0
LF:5
LH:1
BRF:0
BRH:0
end_of_record
TN:
SF:src\validator\isCreditCard.ts
FN:9,isCreditCard
FNF:1
FNH:0
FNDA:0,isCreditCard
DA:2,1
DA:10,0
DA:11,0
DA:13,0
DA:14,0
DA:15,0
DA:16,0
DA:18,0
DA:22,0
DA:23,0
DA:24,0
DA:25,0
DA:26,0
DA:27,0
DA:28,0
DA:30,0
DA:33,0
DA:35,0
DA:37,0
LF:19
LH:1
BRDA:10,0,0,0
BRDA:15,1,0,0
BRDA:25,2,0,0
BRDA:25,2,1,0
BRDA:27,3,0,0
BRDA:27,3,1,0
BRDA:37,4,0,0
BRDA:37,4,1,0
BRF:8
BRH:0
end_of_record
TN:
SF:src\validator\isEmail.ts
FN:6,(anonymous_32)
FNF:1
FNH:0
FNDA:0,(anonymous_32)
DA:6,1
DA:7,0
DA:8,0
DA:11,0
DA:12,0
LF:5
LH:1
BRDA:7,0,0,0
BRF:1
BRH:0
end_of_record
TN:
SF:src\validator\isEthereumAddress.ts
FN:5,(anonymous_33)
FNF:1
FNH:0
FNDA:0,(anonymous_33)
DA:5,1
DA:6,0
DA:7,0
DA:8,0
DA:10,0
DA:11,0
LF:6
LH:1
BRDA:7,0,0,0
BRF:1
BRH:0
end_of_record
TN:
SF:src\validator\isFixedPhone.ts
FN:7,(anonymous_34)
FNF:1
FNH:0
FNDA:0,(anonymous_34)
DA:7,1
DA:8,0
DA:9,0
LF:3
LH:1
BRF:0
BRH:0
end_of_record
TN:
SF:src\validator\isIMEI.ts
FN:9,isIMEI
FNF:1
FNH:0
FNDA:0,isIMEI
DA:10,0
DA:11,0
DA:13,0
DA:15,0
DA:16,0
DA:19,0
DA:21,0
DA:22,0
DA:26,0
DA:27,0
DA:30,0
DA:32,0
DA:33,0
DA:34,0
DA:36,0
DA:37,0
DA:38,0
DA:39,0
DA:40,0
DA:42,0
DA:44,0
DA:45,0
DA:47,0
DA:50,0
DA:51,0
LF:25
LH:0
BRDA:9,0,0,0
BRDA:10,1,0,0
BRDA:21,2,0,0
BRDA:26,3,0,0
BRDA:39,4,0,0
BRDA:39,4,1,0
BRDA:44,5,0,0
BRDA:44,5,1,0
BRF:8
BRH:0
end_of_record
TN:
SF:src\validator\isIdentityCard.ts
FN:10,(anonymous_36)
FN:27,(anonymous_37)
FN:40,(anonymous_38)
FN:63,(anonymous_39)
FN:68,(anonymous_40)
FN:86,(anonymous_41)
FN:125,(anonymous_42)
FN:131,(anonymous_43)
FN:150,IT
FN:155,(anonymous_45)
FN:173,(anonymous_46)
FN:183,(anonymous_47)
FN:191,(anonymous_48)
FN:212,(anonymous_49)
FN:225,(anonymous_50)
FN:237,(anonymous_51)
FN:280,(anonymous_52)
FN:282,(anonymous_53)
FN:296,(anonymous_54)
FN:308,(anonymous_55)
FN:311,(anonymous_56)
FN:323,(anonymous_57)
FN:335,(anonymous_58)
FN:345,(anonymous_59)
FN:380,(anonymous_60)
FN:409,isIdentityCard
FNF:26
FNH:0
FNDA:0,(anonymous_36)
FNDA:0,(anonymous_37)
FNDA:0,(anonymous_38)
FNDA:0,(anonymous_39)
FNDA:0,(anonymous_40)
FNDA:0,(anonymous_41)
FNDA:0,(anonymous_42)
FNDA:0,(anonymous_43)
FNDA:0,IT
FNDA:0,(anonymous_45)
FNDA:0,(anonymous_46)
FNDA:0,(anonymous_47)
FNDA:0,(anonymous_48)
FNDA:0,(anonymous_49)
FNDA:0,(anonymous_50)
FNDA:0,(anonymous_51)
FNDA:0,(anonymous_52)
FNDA:0,(anonymous_53)
FNDA:0,(anonymous_54)
FNDA:0,(anonymous_55)
FNDA:0,(anonymous_56)
FNDA:0,(anonymous_57)
FNDA:0,(anonymous_58)
FNDA:0,(anonymous_59)
FNDA:0,(anonymous_60)
FNDA:0,isIdentityCard
DA:9,1
DA:11,0
DA:25,0
DA:26,0
DA:27,0
DA:28,0
DA:30,0
DA:31,0
DA:33,0
DA:34,0
DA:38,0
DA:41,0
DA:43,0
DA:49,0
DA:55,0
DA:58,0
DA:59,0
DA:63,0
DA:66,0
DA:70,0
DA:71,0
DA:74,0
DA:75,0
DA:78,0
DA:80,0
DA:81,0
DA:82,0
DA:84,0
DA:87,0
DA:90,0
DA:104,0
DA:116,0
DA:119,0
DA:120,0
DA:122,0
DA:123,0
DA:125,0
DA:126,0
DA:129,0
DA:132,0
DA:133,0
DA:135,0
DA:137,0
DA:138,0
DA:140,0
DA:141,0
DA:144,0
DA:146,0
DA:151,0
DA:152,0
DA:153,0
DA:156,0
DA:157,0
DA:158,0
DA:159,0
DA:162,0
DA:163,0
DA:166,0
DA:170,0
DA:171,0
DA:174,0
DA:177,0
DA:178,0
DA:179,0
DA:181,0
DA:184,0
DA:185,0
DA:187,0
DA:188,0
DA:189,0
DA:192,0
DA:195,0
DA:198,0
DA:199,0
DA:202,0
DA:204,0
DA:206,0
DA:207,0
DA:208,0
DA:210,0
DA:214,0
DA:217,0
DA:220,0
DA:221,0
DA:223,0
DA:226,0
DA:229,0
DA:232,0
DA:233,0
DA:235,0
DA:238,0
DA:276,0
DA:278,0
DA:280,0
DA:282,0
DA:283,0
DA:284,0
DA:285,0
DA:286,0
DA:287,0
DA:288,0
DA:290,0
DA:291,0
DA:293,0
DA:296,0
DA:297,0
DA:299,0
DA:300,0
DA:301,0
DA:304,0
DA:305,0
DA:308,0
DA:311,0
DA:312,0
DA:313,0
DA:314,0
DA:315,0
DA:316,0
DA:317,0
DA:318,0
DA:319,0
DA:320,0
DA:323,0
DA:324,0
DA:325,0
DA:326,0
DA:327,0
DA:328,0
DA:329,0
DA:330,0
DA:331,0
DA:332,0
DA:335,0
DA:336,0
DA:337,0
DA:338,0
DA:339,0
DA:341,0
DA:343,0
DA:346,0
DA:375,0
DA:377,0
DA:380,0
DA:381,0
DA:382,0
DA:384,0
DA:387,0
DA:388,0
DA:391,0
DA:410,0
DA:411,0
DA:413,0
DA:414,0
DA:415,0
DA:416,0
DA:417,0
DA:419,0
DA:420,0
DA:421,0
DA:422,0
DA:426,0
DA:428,0
LF:162
LH:1
BRDA:25,0,0,0
BRDA:25,1,0,0
BRDA:25,1,1,0
BRDA:25,1,2,0
BRDA:33,2,0,0
BRDA:33,3,0,0
BRDA:33,3,1,0
BRDA:33,3,2,0
BRDA:58,4,0,0
BRDA:70,5,0,0
BRDA:74,6,0,0
BRDA:119,7,0,0
BRDA:132,8,0,0
BRDA:135,9,0,0
BRDA:147,10,0,0
BRDA:147,10,1,0
BRDA:147,10,2,0
BRDA:147,10,3,0
BRDA:151,11,0,0
BRDA:152,12,0,0
BRDA:157,13,0,0
BRDA:158,14,0,0
BRDA:159,15,0,0
BRDA:170,16,0,0
BRDA:170,17,0,0
BRDA:170,17,1,0
BRDA:174,18,0,0
BRDA:187,19,0,0
BRDA:187,19,1,0
BRDA:187,20,0,0
BRDA:187,20,1,0
BRDA:188,21,0,0
BRDA:188,22,0,0
BRDA:188,22,1,0
BRDA:198,23,0,0
BRDA:208,24,0,0
BRDA:208,24,1,0
BRDA:220,25,0,0
BRDA:232,26,0,0
BRDA:287,27,0,0
BRDA:287,27,1,0
BRDA:290,28,0,0
BRDA:290,29,0,0
BRDA:290,29,1,0
BRDA:290,29,2,0
BRDA:313,30,0,0
BRDA:316,31,0,0
BRDA:319,32,0,0
BRDA:325,33,0,0
BRDA:328,34,0,0
BRDA:331,35,0,0
BRDA:337,36,0,0
BRDA:338,37,0,0
BRDA:377,38,0,0
BRDA:381,39,0,0
BRDA:387,40,0,0
BRDA:410,41,0,0
BRDA:414,42,0,0
BRDA:414,42,1,0
BRDA:416,43,0,0
BRDA:419,44,0,0
BRDA:421,45,0,0
BRF:62
BRH:0
end_of_record
TN:
SF:src\validator\isIn.ts
FN:10,isIn
FNF:1
FNH:0
FNDA:0,isIn
DA:11,0
DA:12,0
DA:15,0
DA:16,0
DA:17,0
DA:18,0
DA:21,0
DA:22,0
DA:25,0
DA:26,0
DA:27,0
DA:28,0
DA:29,0
DA:31,0
LF:14
LH:0
BRDA:11,0,0,0
BRDA:16,1,0,0
BRDA:16,1,1,0
BRDA:21,2,0,0
BRDA:26,3,0,0
BRDA:26,3,1,0
BRDA:28,4,0,0
BRF:7
BRH:0
end_of_record
TN:
SF:src\validator\isInRange.ts
FN:9,(anonymous_9)
FNF:1
FNH:0
FNDA:0,(anonymous_9)
DA:9,1
DA:10,0
DA:11,0
DA:14,0
DA:15,0
LF:5
LH:1
BRDA:10,0,0,0
BRDA:15,1,0,0
BRDA:15,1,1,0
BRF:3
BRH:0
end_of_record
TN:
SF:src\validator\isInt.ts
FN:9,isInt
FNF:1
FNH:0
FNDA:0,isInt
DA:16,0
DA:17,0
DA:20,0
DA:21,0
DA:23,0
DA:28,0
DA:33,0
DA:34,0
DA:35,0
DA:36,0
DA:38,0
LF:11
LH:0
BRDA:16,0,0,0
BRDA:23,1,0,0
BRDA:23,1,1,0
BRDA:28,2,0,0
BRDA:28,2,1,0
BRDA:28,3,0,0
BRDA:28,3,1,0
BRDA:33,4,0,0
BRDA:33,4,1,0
BRDA:33,4,2,0
BRDA:34,5,0,0
BRDA:34,5,1,0
BRDA:34,5,2,0
BRDA:35,6,0,0
BRDA:35,6,1,0
BRDA:35,6,2,0
BRDA:36,7,0,0
BRDA:36,7,1,0
BRDA:36,7,2,0
BRDA:38,8,0,0
BRDA:38,8,1,0
BRDA:38,8,2,0
BRDA:38,8,3,0
BRDA:38,8,4,0
BRF:24
BRH:0
end_of_record
TN:
SF:src\validator\isPostalCode.ts
FN:8,isPostalCode
FNF:1
FNH:0
FNDA:0,isPostalCode
DA:9,0
DA:10,0
DA:14,0
DA:15,0
DA:16,0
DA:17,0
DA:19,0
DA:85,0
DA:86,0
DA:87,0
DA:88,0
DA:91,0
DA:92,0
DA:93,0
DA:94,0
DA:98,0
DA:100,0
LF:17
LH:0
BRDA:9,0,0,0
BRDA:85,1,0,0
BRDA:85,1,1,0
BRDA:87,2,0,0
BRDA:91,3,0,0
BRDA:93,4,0,0
BRF:6
BRH:0
end_of_record
TN:
SF:src\validator\isStrongPassword.ts
FN:51,countChars
FN:53,(anonymous_67)
FN:74,analyzePassword
FN:84,(anonymous_69)
FN:99,scorePassword
FN:124,isStrongPassword
FNF:6
FNH:0
FNDA:0,countChars
FNDA:0,(anonymous_67)
FNDA:0,analyzePassword
FNDA:0,(anonymous_69)
FNDA:0,scorePassword
FNDA:0,isStrongPassword
DA:7,1
DA:8,1
DA:9,1
DA:10,1
DA:27,1
DA:52,0
DA:53,0
DA:54,0
DA:55,0
DA:56,0
DA:58,0
DA:61,0
DA:75,0
DA:76,0
DA:84,0
DA:86,0
DA:87,0
DA:96,0
DA:100,0
DA:101,0
DA:102,0
DA:103,0
DA:104,0
DA:106,0
DA:107,0
DA:109,0
DA:110,0
DA:112,0
DA:113,0
DA:115,0
DA:125,0
DA:126,0
DA:128,0
DA:129,0
DA:133,0
DA:134,0
DA:136,0
LF:37
LH:5
BRDA:55,0,0,0
BRDA:55,0,1,0
BRDA:86,1,0,0
BRDA:103,2,0,0
BRDA:106,3,0,0
BRDA:109,4,0,0
BRDA:112,5,0,0
BRDA:125,6,0,0
BRDA:133,7,0,0
BRDA:136,8,0,0
BRDA:136,8,1,0
BRDA:136,8,2,0
BRDA:136,8,3,0
BRDA:136,8,4,0
BRF:14
BRH:0
end_of_record
TN:
SF:src\validator\isTaxpayerNo.ts
FN:7,(anonymous_72)
FNF:1
FNH:0
FNDA:0,(anonymous_72)
DA:7,1
DA:8,0
DA:9,0
DA:10,0
DA:12,0
LF:5
LH:1
BRDA:9,0,0,0
BRF:1
BRH:0
end_of_record
TN:
SF:src\validator\isURL.ts
FN:49,isURL
FN:69,isRegExp
FN:73,checkHost
FNF:3
FNH:0
FNDA:0,isURL
FNDA:0,isRegExp
FNDA:0,checkHost
DA:52,0
DA:67,0
DA:70,0
DA:74,0
DA:75,0
DA:77,0
DA:78,0
DA:81,0
DA:84,0
DA:85,0
DA:87,0
DA:88,0
DA:90,0
DA:91,0
DA:93,0
DA:98,0
DA:99,0
DA:102,0
DA:103,0
DA:106,0
DA:107,0
DA:112,0
DA:113,0
DA:115,0
DA:116,0
DA:118,0
DA:119,0
DA:120,0
DA:121,0
DA:122,0
DA:124,0
DA:125,0
DA:126,0
DA:127,0
DA:128,0
DA:130,0
DA:132,0
DA:134,0
DA:135,0
DA:138,0
DA:139,0
DA:141,0
DA:142,0
DA:145,0
DA:146,0
DA:147,0
DA:148,0
DA:150,0
DA:151,0
DA:153,0
DA:154,0
DA:155,0
DA:157,0
DA:158,0
DA:159,0
DA:162,0
DA:164,0
DA:165,0
DA:166,0
DA:167,0
DA:168,0
DA:169,0
DA:170,0
DA:172,0
DA:173,0
DA:174,0
DA:175,0
DA:179,0
DA:180,0
DA:181,0
DA:182,0
DA:184,0
DA:185,0
DA:188,0
DA:189,0
DA:191,0
DA:192,0
DA:195,0
DA:197,0
LF:79
LH:0
BRDA:77,0,0,0
BRDA:77,1,0,0
BRDA:77,1,1,0
BRDA:77,1,2,0
BRDA:84,2,0,0
BRDA:87,3,0,0
BRDA:87,4,0,0
BRDA:87,4,1,0
BRDA:90,5,0,0
BRDA:98,6,0,0
BRDA:98,7,0,0
BRDA:98,7,1,0
BRDA:102,8,0,0
BRDA:102,9,0,0
BRDA:102,9,1,0
BRDA:106,10,0,0
BRDA:106,11,0,0
BRDA:106,11,1,0
BRDA:106,11,2,0
BRDA:119,12,0,0
BRDA:119,12,1,0
BRDA:121,13,0,0
BRDA:121,14,0,0
BRDA:121,14,1,0
BRDA:124,15,0,0
BRDA:124,15,1,0
BRDA:126,16,0,0
BRDA:127,17,0,0
BRDA:134,18,0,0
BRDA:141,19,0,0
BRDA:141,20,0,0
BRDA:141,20,1,0
BRDA:146,21,0,0
BRDA:147,22,0,0
BRDA:150,23,0,0
BRDA:154,24,0,0
BRDA:154,25,0,0
BRDA:154,25,1,0
BRDA:158,26,0,0
BRDA:158,27,0,0
BRDA:158,27,1,0
BRDA:167,28,0,0
BRDA:167,28,1,0
BRDA:170,29,0,0
BRDA:170,29,1,0
BRDA:174,30,0,0
BRDA:179,31,0,0
BRDA:179,31,1,0
BRDA:179,32,0,0
BRDA:179,32,1,0
BRDA:181,33,0,0
BRDA:181,34,0,0
BRDA:181,34,1,0
BRDA:181,34,2,0
BRDA:184,35,0,0
BRDA:188,36,0,0
BRDA:191,37,0,0
BRDA:191,38,0,0
BRDA:191,38,1,0
BRDA:191,38,2,0
BRDA:191,38,3,0
BRDA:195,39,0,0
BRDA:195,39,1,0
BRDA:197,40,0,0
BRDA:197,40,1,0
BRF:65
BRH:0
end_of_record
TN:
SF:src\validator\isUUID.ts
FN:8,isUUID
FNF:1
FNH:0
FNDA:0,isUUID
DA:9,0
DA:18,0
DA:19,0
DA:21,0
DA:22,0
LF:5
LH:0
BRDA:18,0,0,0
BRDA:21,1,0,0
BRDA:21,1,1,0
BRDA:22,2,0,0
BRDA:22,2,1,0
BRF:5
BRH:0
end_of_record
TN:
SF:src\validator\http\IP.ts
FN:24,(anonymous_0)
FN:31,(anonymous_1)
FN:37,(anonymous_2)
FNF:3
FNH:0
FNDA:0,(anonymous_0)
FNDA:0,(anonymous_1)
FNDA:0,(anonymous_2)
DA:4,1
DA:5,1
DA:6,1
DA:9,1
DA:10,1
DA:24,1
DA:25,0
DA:31,1
DA:32,0
DA:37,1
DA:38,0
DA:39,0
DA:40,0
LF:13
LH:8
BRDA:38,0,0,0
BRDA:39,1,0,0
BRF:2
BRH:0
end_of_record
TN:
SF:src\validator\http\isDomain.ts
FN:6,(anonymous_7)
FNF:1
FNH:0
FNDA:0,(anonymous_7)
DA:6,1
DA:7,0
LF:2
LH:1
BRF:0
BRH:0
end_of_record
TN:
SF:src\validator\http\isFQDN.ts
FN:70,isFQDN
FNF:1
FNH:1
FNDA:12,isFQDN
DA:9,1
DA:51,1
DA:75,12
DA:76,12
DA:77,1
DA:82,11
DA:85,11
DA:89,11
DA:91,11
DA:92,1
DA:98,10
DA:99,10
DA:100,0
DA:107,10
DA:108,0
DA:112,10
DA:113,0
DA:116,10
DA:117,10
DA:118,10
DA:119,10
DA:120,10
DA:122,10
DA:124,1
DA:130,9
DA:131,0
DA:137,9
DA:139,9
DA:140,1
DA:146,8
DA:151,2
DA:157,0
DA:158,0
DA:164,6
DA:165,8
DA:166,8
DA:167,8
DA:168,0
DA:174,8
DA:175,4
DA:182,4
DA:183,0
DA:190,4
DA:191,0
DA:197,4
DA:198,0
DA:205,4
DA:206,0
DA:212,2
LF:49
LH:38
BRDA:72,0,0,12
BRDA:76,1,0,1
BRDA:91,2,0,1
BRDA:99,3,0,0
BRDA:107,4,0,0
BRDA:107,5,0,10
BRDA:107,5,1,0
BRDA:112,6,0,0
BRDA:112,7,0,10
BRDA:112,7,1,0
BRDA:120,8,0,10
BRDA:120,8,1,0
BRDA:122,9,0,1
BRDA:130,10,0,0
BRDA:139,11,0,1
BRDA:139,12,0,9
BRDA:139,12,1,9
BRDA:146,13,0,2
BRDA:157,14,0,0
BRDA:167,15,0,0
BRDA:174,16,0,4
BRDA:182,17,0,0
BRDA:190,18,0,0
BRDA:197,19,0,0
BRDA:197,20,0,4
BRDA:197,20,1,0
BRDA:205,21,0,0
BRF:27
BRH:13
end_of_record
TN:
SF:src\validator\http\isPort.ts
FN:6,(anonymous_10)
FNF:1
FNH:0
FNDA:0,(anonymous_10)
DA:6,1
DA:7,0
LF:2
LH:1
BRF:0
BRH:0
end_of_record
TN:
SF:src\validator\rr\isA.ts
FN:12,(anonymous_17)
FNF:1
FNH:0
FNDA:0,(anonymous_17)
DA:12,1
DA:13,0
LF:2
LH:1
BRF:0
BRH:0
end_of_record
TN:
SF:src\validator\rr\isAAAA.ts
FN:12,(anonymous_18)
FNF:1
FNH:0
FNDA:0,(anonymous_18)
DA:12,1
DA:13,0
LF:2
LH:1
BRF:0
BRH:0
end_of_record
TN:
SF:src\validator\rr\isCAA.ts
FN:18,(anonymous_15)
FNF:1
FNH:0
FNDA:0,(anonymous_15)
DA:18,1
DA:19,0
DA:20,0
DA:21,0
DA:22,0
LF:5
LH:1
BRDA:23,0,0,0
BRDA:23,0,1,0
BRDA:23,0,2,0
BRDA:23,0,3,0
BRF:4
BRH:0
end_of_record
TN:
SF:src\validator\rr\isCNAME.ts
FN:13,(anonymous_19)
FNF:1
FNH:0
FNDA:0,(anonymous_19)
DA:13,1
DA:14,0
LF:2
LH:1
BRF:0
BRH:0
end_of_record
TN:
SF:src\validator\rr\isHost.ts
FN:6,(anonymous_22)
FNF:1
FNH:0
FNDA:0,(anonymous_22)
DA:6,1
DA:7,0
DA:8,0
LF:3
LH:1
BRDA:9,0,0,0
BRDA:9,0,1,0
BRF:2
BRH:0
end_of_record
TN:
SF:src\validator\rr\isMX.ts
FN:13,(anonymous_11)
FNF:1
FNH:0
FNDA:0,(anonymous_11)
DA:13,1
DA:14,0
DA:15,0
DA:18,0
LF:4
LH:1
BRDA:14,0,0,0
BRF:1
BRH:0
end_of_record
TN:
SF:src\validator\rr\isNS.ts
FN:13,(anonymous_13)
FNF:1
FNH:0
FNDA:0,(anonymous_13)
DA:13,1
DA:14,0
LF:2
LH:1
BRF:0
BRH:0
end_of_record
TN:
SF:src\validator\rr\isRdata.ts
FN:15,(anonymous_20)
FN:31,(anonymous_21)
FNF:2
FNH:1
FNDA:1,(anonymous_20)
FNDA:0,(anonymous_21)
DA:15,10
DA:31,1
DA:32,0
DA:33,0
DA:35,0
DA:37,0
DA:39,0
DA:41,0
DA:43,0
DA:45,0
DA:47,0
DA:49,0
DA:51,0
DA:53,0
LF:14
LH:2
BRDA:15,0,0,1
BRDA:15,0,1,1
BRDA:32,1,0,0
BRDA:35,2,0,0
BRDA:35,2,1,0
BRDA:35,2,2,0
BRDA:35,2,3,0
BRDA:35,2,4,0
BRDA:35,2,5,0
BRDA:35,2,6,0
BRDA:35,2,7,0
BRDA:35,2,8,0
BRF:12
BRH:2
end_of_record
TN:
SF:src\validator\rr\isSRV.ts
FN:18,(anonymous_16)
FNF:1
FNH:0
FNDA:0,(anonymous_16)
DA:18,1
DA:19,0
DA:20,0
LF:3
LH:1
BRDA:21,0,0,0
BRDA:21,0,1,0
BRDA:21,0,2,0
BRDA:21,0,3,0
BRDA:21,0,4,0
BRF:5
BRH:0
end_of_record
TN:
SF:src\validator\rr\isTTL.ts
FN:11,(anonymous_23)
FNF:1
FNH:0
FNDA:0,(anonymous_23)
DA:11,1
DA:12,0
DA:13,0
DA:16,0
DA:17,0
DA:18,0
DA:20,0
LF:7
LH:1
BRDA:12,0,0,0
BRDA:16,1,0,0
BRDA:18,2,0,0
BRDA:18,2,1,0
BRF:4
BRH:0
end_of_record
TN:
SF:src\validator\rr\isTXT.ts
FN:15,(anonymous_12)
FNF:1
FNH:0
FNDA:0,(anonymous_12)
DA:15,1
DA:16,0
LF:2
LH:1
BRF:0
BRH:0
end_of_record
TN:
SF:src\validator\rr\isZone.ts
FN:4,(anonymous_24)
FNF:1
FNH:0
FNDA:0,(anonymous_24)
DA:4,1
DA:5,0
DA:6,0
LF:3
LH:1
BRDA:6,0,0,0
BRDA:6,0,1,0
BRF:2
BRH:0
end_of_record
